#
# A fatal error has been detected by the Java Runtime Environment:
#
#  EXCEPTION_ACCESS_VIOLATION (0xc0000005) at pc=0x6e72379a, pid=18772, tid=16228
#
# JRE version: Java(TM) SE Runtime Environment (8.0_73-b02) (build 1.8.0_73-b02)
# Java VM: Java HotSpot(TM) Client VM (25.73-b02 mixed mode, sharing windows-x86 )
# Problematic frame:
# C  [OPENGL32.dll+0x9379a]
#
# Failed to write core dump. Minidumps are not enabled by default on client versions of Windows
#
# If you would like to submit a bug report, please visit:
#   http://bugreport.java.com/bugreport/crash.jsp
#

---------------  T H R E A D  ---------------

Current thread (0x020b3000):  VMThread [stack: 0x042a0000,0x042f0000] [id=16228]

siginfo: ExceptionCode=0xc0000005, reading address 0x0000051c

Registers:
EAX=0x00253000, EBX=0x00000000, ECX=0x2190c380, EDX=0x00000000
ESP=0x042ef31c, EBP=0x042ef32c, ESI=0x2190c380, EDI=0x00000000
EIP=0x6e72379a, EFLAGS=0x00010202

Top of Stack: (sp=0x042ef31c)
0x042ef31c:   216db586 00000001 2190c388 2190dbb8
0x042ef32c:   042ef350 216df943 2190c380 afccbee9
0x042ef33c:   2190dbb8 00000000 042ef370 217993de
0x042ef34c:   00000000 042ef37c 216e0012 2190dbb8
0x042ef35c:   afccbec5 2190675c 772efe50 2179e6d0
0x042ef36c:   2183eab8 042ef3b4 21799ae0 00000001
0x042ef37c:   042ef3c4 2173c5ef afccbe7d 00000000
0x042ef38c:   00000000 21690000 219066c8 2190675c 

Instructions: (pc=0x6e72379a)
0x6e72377a:   8d 9b 00 00 00 00 64 8b 15 18 00 00 00 83 3d 04
0x6e72378a:   80 74 6e 40 73 10 8b c2 03 15 90 28 76 6e 8b 12
0x6e72379a:   ff a2 1c 05 00 00 ff 35 04 80 74 6e ff 15 e0 71
0x6e7237aa:   76 6e 92 ff a2 1c 05 00 00 8d a4 24 00 00 00 00 


Register to memory mapping:

EAX=
[error occurred during error reporting (printing register info), id 0xc0000005]

Stack: [0x042a0000,0x042f0000],  sp=0x042ef31c,  free space=316k
Native frames: (J=compiled Java code, j=interpreted, Vv=VM code, C=native code)
C  [OPENGL32.dll+0x9379a]
C  [ltc_game32-112681.dll+0x4f943]
C  [ltc_game32-112681.dll+0x50012]
C  [ltc_game32-112681.dll+0xac5ef]
C  [ltc_game32-112681.dll+0xac6d8]
C  [ltc_game32-112681.dll+0xa607f]
C  [ltc_game32-112681.dll+0xa60ea]
C  [ntdll.dll+0x76b8e]
C  [ntdll.dll+0x45ade]
C  [ntdll.dll+0x57efc]
C  [ntdll.dll+0x57dd6]
C  [KERNEL32.DLL+0x27b43]
C  [msvcr100.dll+0x27997]
C  [msvcr100.dll+0x27ab0]
C  [msvcr100.dll+0x27b1d]
V  [jvm.dll+0x1575c2]
V  [jvm.dll+0x18113d]
V  [jvm.dll+0x1805a1]
V  [jvm.dll+0x1809b7]
V  [jvm.dll+0x180bb2]
V  [jvm.dll+0x1c0636]
C  [msvcr100.dll+0x5c556]
C  [msvcr100.dll+0x5c600]
C  [KERNEL32.DLL+0x138f4]
C  [ntdll.dll+0x65de3]
C  [ntdll.dll+0x65dae]

VM_Operation (0x0076f980): Exit, mode: safepoint, requested by thread 0x0071bc00


---------------  P R O C E S S  ---------------

Java Threads: ( => current thread )
  0x020e9c00 JavaThread "Service Thread" daemon [_thread_blocked, id=19080, stack(0x15690000,0x156e0000)]
  0x020c8c00 JavaThread "C1 CompilerThread0" daemon [_thread_blocked, id=19084, stack(0x15600000,0x15650000)]
  0x020c7c00 JavaThread "Attach Listener" daemon [_thread_blocked, id=15916, stack(0x15570000,0x155c0000)]
  0x020bd800 JavaThread "Signal Dispatcher" daemon [_thread_blocked, id=19268, stack(0x14f40000,0x14f90000)]
  0x020bb800 JavaThread "Finalizer" daemon [_thread_blocked, id=16392, stack(0x14e10000,0x14e60000)]
  0x020b6800 JavaThread "Reference Handler" daemon [_thread_blocked, id=18504, stack(0x04330000,0x04380000)]
  0x0071bc00 JavaThread "main" [_thread_blocked, id=18816, stack(0x00720000,0x00770000)]

Other Threads:
=>0x020b3000 VMThread [stack: 0x042a0000,0x042f0000] [id=16228]

VM state:at safepoint (shutting down)

VM Mutex/Monitor currently owned by a thread:  ([mutex/lock_event])
[0x0071b380] Threads_lock - owner thread: 0x020b3000

Heap:
 def new generation   total 4928K, used 1798K [0x04400000, 0x04950000, 0x09950000)
  eden space 4416K,  39% used [0x04400000, 0x045ae8f8, 0x04850000)
  from space 512K,  14% used [0x04850000, 0x04863278, 0x048d0000)
  to   space 512K,   0% used [0x048d0000, 0x048d0000, 0x04950000)
 tenured generation   total 10944K, used 1626K [0x09950000, 0x0a400000, 0x14400000)
   the space 10944K,  14% used [0x09950000, 0x09ae6a20, 0x09ae6c00, 0x0a400000)
 Metaspace       used 1153K, capacity 3289K, committed 3392K, reserved 4480K

Card table byte_map: [0x04210000,0x042a0000] byte_map_base: 0x041ee000

Polling page: 0x006e0000

CodeCache: size=32768Kb used=1385Kb max_used=1385Kb free=31382Kb
 bounds [0x02190000, 0x022f0000, 0x04190000]
 total_blobs=677 nmethods=449 adapters=159
 compilation: enabled

Compilation events (10 events):
Event: 71.444 Thread 0x020c8c00  445             org.newdawn.slick.opengl.renderer.ImmediateModeOGLRenderer::glLineWidth (5 bytes)
Event: 71.444 Thread 0x020c8c00 nmethod 445 0x022e87c8 code [0x022e8900, 0x022e8b40]
Event: 71.444 Thread 0x020c8c00  446             org.lwjgl.opengl.GL11::glLineWidth (19 bytes)
Event: 71.445 Thread 0x020c8c00 nmethod 446 0x022e8e48 code [0x022e8f80, 0x022e91b0]
Event: 71.449 Thread 0x020c8c00  448             org.newdawn.slick.opengl.renderer.ImmediateModeOGLRenderer::glDisable (5 bytes)
Event: 71.450 Thread 0x020c8c00 nmethod 448 0x022e9688 code [0x022e97c0, 0x022e9a00]
Event: 72.927 Thread 0x020c8c00  449             sun.net.www.ParseUtil::escape (42 bytes)
Event: 72.928 Thread 0x020c8c00 nmethod 449 0x022e9d08 code [0x022e9e10, 0x022e9f38]
Event: 73.594 Thread 0x020c8c00  450             org.newdawn.slick.Graphics::resetTransform (39 bytes)
Event: 73.595 Thread 0x020c8c00 nmethod 450 0x022ea048 code [0x022ea190, 0x022ea460]

GC Heap History (10 events):
Event: 67.594 GC heap before
{Heap before GC invocations=7 (full 0):
 def new generation   total 4928K, used 4487K [0x04400000, 0x04950000, 0x09950000)
  eden space 4416K, 100% used [0x04400000, 0x04850000, 0x04850000)
  from space 512K,  13% used [0x048d0000, 0x048e1d20, 0x04950000)
  to   space 512K,   0% used [0x04850000, 0x04850000, 0x048d0000)
 tenured generation   total 10944K, used 1626K [0x09950000, 0x0a400000, 0x14400000)
   the space 10944K,  14% used [0x09950000, 0x09ae6a20, 0x09ae6c00, 0x0a400000)
 Metaspace       used 1098K, capacity 3225K, committed 3264K, reserved 4480K
Event: 67.595 GC heap after
Heap after GC invocations=8 (full 0):
 def new generation   total 4928K, used 82K [0x04400000, 0x04950000, 0x09950000)
  eden space 4416K,   0% used [0x04400000, 0x04400000, 0x04850000)
  from space 512K,  16% used [0x04850000, 0x04864848, 0x048d0000)
  to   space 512K,   0% used [0x048d0000, 0x048d0000, 0x04950000)
 tenured generation   total 10944K, used 1626K [0x09950000, 0x0a400000, 0x14400000)
   the space 10944K,  14% used [0x09950000, 0x09ae6a20, 0x09ae6c00, 0x0a400000)
 Metaspace       used 1098K, capacity 3225K, committed 3264K, reserved 4480K
}
Event: 69.711 GC heap before
{Heap before GC invocations=8 (full 0):
 def new generation   total 4928K, used 4498K [0x04400000, 0x04950000, 0x09950000)
  eden space 4416K, 100% used [0x04400000, 0x04850000, 0x04850000)
  from space 512K,  16% used [0x04850000, 0x04864848, 0x048d0000)
  to   space 512K,   0% used [0x048d0000, 0x048d0000, 0x04950000)
 tenured generation   total 10944K, used 1626K [0x09950000, 0x0a400000, 0x14400000)
   the space 10944K,  14% used [0x09950000, 0x09ae6a20, 0x09ae6c00, 0x0a400000)
 Metaspace       used 1098K, capacity 3225K, committed 3264K, reserved 4480K
Event: 69.711 GC heap after
Heap after GC invocations=9 (full 0):
 def new generation   total 4928K, used 74K [0x04400000, 0x04950000, 0x09950000)
  eden space 4416K,   0% used [0x04400000, 0x04400000, 0x04850000)
  from space 512K,  14% used [0x048d0000, 0x048e28c0, 0x04950000)
  to   space 512K,   0% used [0x04850000, 0x04850000, 0x048d0000)
 tenured generation   total 10944K, used 1626K [0x09950000, 0x0a400000, 0x14400000)
   the space 10944K,  14% used [0x09950000, 0x09ae6a20, 0x09ae6c00, 0x0a400000)
 Metaspace       used 1098K, capacity 3225K, committed 3264K, reserved 4480K
}
Event: 71.845 GC heap before
{Heap before GC invocations=9 (full 0):
 def new generation   total 4928K, used 4490K [0x04400000, 0x04950000, 0x09950000)
  eden space 4416K, 100% used [0x04400000, 0x04850000, 0x04850000)
  from space 512K,  14% used [0x048d0000, 0x048e28c0, 0x04950000)
  to   space 512K,   0% used [0x04850000, 0x04850000, 0x048d0000)
 tenured generation   total 10944K, used 1626K [0x09950000, 0x0a400000, 0x14400000)
   the space 10944K,  14% used [0x09950000, 0x09ae6a20, 0x09ae6c00, 0x0a400000)
 Metaspace       used 1098K, capacity 3225K, committed 3264K, reserved 4480K
Event: 71.846 GC heap after
Heap after GC invocations=10 (full 0):
 def new generation   total 4928K, used 75K [0x04400000, 0x04950000, 0x09950000)
  eden space 4416K,   0% used [0x04400000, 0x04400000, 0x04850000)
  from space 512K,  14% used [0x04850000, 0x04862ce8, 0x048d0000)
  to   space 512K,   0% used [0x048d0000, 0x048d0000, 0x04950000)
 tenured generation   total 10944K, used 1626K [0x09950000, 0x0a400000, 0x14400000)
   the space 10944K,  14% used [0x09950000, 0x09ae6a20, 0x09ae6c00, 0x0a400000)
 Metaspace       used 1098K, capacity 3225K, committed 3264K, reserved 4480K
}
Event: 73.978 GC heap before
{Heap before GC invocations=10 (full 0):
 def new generation   total 4928K, used 4491K [0x04400000, 0x04950000, 0x09950000)
  eden space 4416K, 100% used [0x04400000, 0x04850000, 0x04850000)
  from space 512K,  14% used [0x04850000, 0x04862ce8, 0x048d0000)
  to   space 512K,   0% used [0x048d0000, 0x048d0000, 0x04950000)
 tenured generation   total 10944K, used 1626K [0x09950000, 0x0a400000, 0x14400000)
   the space 10944K,  14% used [0x09950000, 0x09ae6a20, 0x09ae6c00, 0x0a400000)
 Metaspace       used 1098K, capacity 3225K, committed 3264K, reserved 4480K
Event: 73.979 GC heap after
Heap after GC invocations=11 (full 0):
 def new generation   total 4928K, used 75K [0x04400000, 0x04950000, 0x09950000)
  eden space 4416K,   0% used [0x04400000, 0x04400000, 0x04850000)
  from space 512K,  14% used [0x048d0000, 0x048e2f48, 0x04950000)
  to   space 512K,   0% used [0x04850000, 0x04850000, 0x048d0000)
 tenured generation   total 10944K, used 1626K [0x09950000, 0x0a400000, 0x14400000)
   the space 10944K,  14% used [0x09950000, 0x09ae6a20, 0x09ae6c00, 0x0a400000)
 Metaspace       used 1098K, capacity 3225K, committed 3264K, reserved 4480K
}
Event: 122.995 GC heap before
{Heap before GC invocations=11 (full 0):
 def new generation   total 4928K, used 4484K [0x04400000, 0x04950000, 0x09950000)
  eden space 4416K,  99% used [0x04400000, 0x0484e3f0, 0x04850000)
  from space 512K,  14% used [0x048d0000, 0x048e2f48, 0x04950000)
  to   space 512K,   0% used [0x04850000, 0x04850000, 0x048d0000)
 tenured generation   total 10944K, used 1626K [0x09950000, 0x0a400000, 0x14400000)
   the space 10944K,  14% used [0x09950000, 0x09ae6a20, 0x09ae6c00, 0x0a400000)
 Metaspace       used 1098K, capacity 3225K, committed 3264K, reserved 4480K
Event: 122.996 GC heap after
Heap after GC invocations=12 (full 0):
 def new generation   total 4928K, used 76K [0x04400000, 0x04950000, 0x09950000)
  eden space 4416K,   0% used [0x04400000, 0x04400000, 0x04850000)
  from space 512K,  14% used [0x04850000, 0x04863278, 0x048d0000)
  to   space 512K,   0% used [0x048d0000, 0x048d0000, 0x04950000)
 tenured generation   total 10944K, used 1626K [0x09950000, 0x0a400000, 0x14400000)
   the space 10944K,  14% used [0x09950000, 0x09ae6a20, 0x09ae6c00, 0x0a400000)
 Metaspace       used 1098K, capacity 3225K, committed 3264K, reserved 4480K
}

Deoptimization events (0 events):
No events

Internal exceptions (7 events):
Event: 0.026 Thread 0x0071bc00 Exception <a 'java/lang/NoSuchMethodError': Method sun.misc.Unsafe.defineClass(Ljava/lang/String;[BII)Ljava/lang/Class; name or signature does not match> (0x0440c0b8) thrown at [D:\re\workspace\8-2-build-windows-i586-cygwin\jdk8u73\6086\hotspot\src\share\v.*‹Ûòœš?
Event: 0.026 Thread 0x0071bc00 Exception <a 'java/lang/NoSuchMethodError': Method sun.misc.Unsafe.prefetchRead(Ljava/lang/Object;J)V name or signature does not match> (0x0440c388) thrown at [D:\re\workspace\8-2-build-windows-i586-cygwin\jdk8u73\6086\hotspot\src\share\vm\prims\jni.cpp, lq@t[¢ Á?
Event: 0.134 Thread 0x0071bc00 Exception <a 'java/security/PrivilegedActionException'> (0x045dcfa8) thrown at [D:\re\workspace\8-2-build-windows-i586-cygwin\jdk8u73\6086\hotspot\src\share\vm\prims\jvm.cpp, line 1386]
Event: 0.134 Thread 0x0071bc00 Exception <a 'java/security/PrivilegedActionException'> (0x045dd1a8) thrown at [D:\re\workspace\8-2-build-windows-i586-cygwin\jdk8u73\6086\hotspot\src\share\vm\prims\jvm.cpp, line 1386]
Event: 0.135 Thread 0x0071bc00 Exception <a 'java/security/PrivilegedActionException'> (0x045f7170) thrown at [D:\re\workspace\8-2-build-windows-i586-cygwin\jdk8u73\6086\hotspot\src\share\vm\prims\jvm.cpp, line 1386]
Event: 0.135 Thread 0x0071bc00 Exception <a 'java/security/PrivilegedActionException'> (0x045f7370) thrown at [D:\re\workspace\8-2-build-windows-i586-cygwin\jdk8u73\6086\hotspot\src\share\vm\prims\jvm.cpp, line 1386]
Event: 0.600 Thread 0x0071bc00 Exception <a 'java/lang/NoClassDefFoundError': net/java/games/input/ControllerEnvironment> (0x0457ab50) thrown at [D:\re\workspace\8-2-build-windows-i586-cygwin\jdk8u73\6086\hotspot\src\share\vm\classfile\systemDictionary.cpp, line 199]

Events (10 events):
Event: 123.800 loading class org/lwjgl/openal/AL10 done
Event: 123.801 loading class org/lwjgl/openal/AL11
Event: 123.801 loading class org/lwjgl/openal/AL11 done
Event: 123.802 loading class org/lwjgl/openal/ALC10
Event: 123.802 loading class org/lwjgl/openal/ALC10 done
Event: 123.802 loading class org/lwjgl/openal/ALC11
Event: 123.802 loading class org/lwjgl/openal/ALC11 done
Event: 123.803 loading class org/lwjgl/openal/EFX10
Event: 123.803 loading class org/lwjgl/openal/EFX10 done
Event: 123.805 Executing VM operation: Exit


Dynamic libraries:
0x00140000 - 0x00173000 	C:\Program Files (x86)\Java\jre1.8.0_73\bin\javaw.exe
0x77290000 - 0x7740b000 	C:\WINDOWS\SYSTEM32\ntdll.dll
0x74090000 - 0x74170000 	C:\WINDOWS\SYSTEM32\KERNEL32.DLL
0x74730000 - 0x748ae000 	C:\WINDOWS\SYSTEM32\KERNELBASE.dll
0x76b90000 - 0x76c0b000 	C:\WINDOWS\SYSTEM32\ADVAPI32.dll
0x76960000 - 0x76a1e000 	C:\WINDOWS\SYSTEM32\msvcrt.dll
0x76a20000 - 0x76a64000 	C:\WINDOWS\SYSTEM32\sechost.dll
0x763d0000 - 0x7647d000 	C:\WINDOWS\SYSTEM32\RPCRT4.dll
0x73fc0000 - 0x73fde000 	C:\WINDOWS\SYSTEM32\SspiCli.dll
0x73fb0000 - 0x73fba000 	C:\WINDOWS\SYSTEM32\CRYPTBASE.dll
0x74420000 - 0x74478000 	C:\WINDOWS\SYSTEM32\bcryptPrimitives.dll
0x76ca0000 - 0x76de7000 	C:\WINDOWS\SYSTEM32\USER32.dll
0x76630000 - 0x7677f000 	C:\WINDOWS\SYSTEM32\GDI32.dll
0x702e0000 - 0x704ef000 	C:\WINDOWS\WinSxS\x86_microsoft.windows.common-controls_6595b64144ccf1df_6.0.10586.0_none_d3c2e4e965da4528\COMCTL32.dll
0x74570000 - 0x7472d000 	C:\WINDOWS\SYSTEM32\combase.dll
0x74e10000 - 0x74e3b000 	C:\WINDOWS\SYSTEM32\IMM32.DLL
0x789b0000 - 0x78a6f000 	C:\Program Files (x86)\Java\jre1.8.0_73\bin\msvcr100.dll
0x6cc90000 - 0x6d058000 	C:\Program Files (x86)\Java\jre1.8.0_73\bin\client\jvm.dll
0x77280000 - 0x77286000 	C:\WINDOWS\SYSTEM32\PSAPI.DLL
0x73c20000 - 0x73c28000 	C:\WINDOWS\SYSTEM32\WSOCK32.dll
0x70280000 - 0x702a4000 	C:\WINDOWS\SYSTEM32\WINMM.dll
0x73b30000 - 0x73b38000 	C:\WINDOWS\SYSTEM32\VERSION.dll
0x76e10000 - 0x76e6f000 	C:\WINDOWS\SYSTEM32\WS2_32.dll
0x00640000 - 0x00663000 	C:\WINDOWS\SYSTEM32\WINMMBASE.dll
0x743e0000 - 0x74417000 	C:\WINDOWS\SYSTEM32\cfgmgr32.dll
0x6e770000 - 0x6e77c000 	C:\Program Files (x86)\Java\jre1.8.0_73\bin\verify.dll
0x6cb80000 - 0x6cba1000 	C:\Program Files (x86)\Java\jre1.8.0_73\bin\java.dll
0x6fd30000 - 0x6fd43000 	C:\Program Files (x86)\Java\jre1.8.0_73\bin\zip.dll
0x74fd0000 - 0x763ce000 	C:\WINDOWS\SYSTEM32\SHELL32.dll
0x748b0000 - 0x74daa000 	C:\WINDOWS\SYSTEM32\windows.storage.dll
0x74480000 - 0x744c5000 	C:\WINDOWS\SYSTEM32\shlwapi.dll
0x73fe0000 - 0x73fec000 	C:\WINDOWS\SYSTEM32\kernel.appcore.dll
0x76c10000 - 0x76c9d000 	C:\WINDOWS\SYSTEM32\shcore.dll
0x76780000 - 0x767c4000 	C:\WINDOWS\SYSTEM32\powrprof.dll
0x74e40000 - 0x74e4f000 	C:\WINDOWS\SYSTEM32\profapi.dll
0x15970000 - 0x159bf000 	D:\Programs\Eclipse Luna\Eclipse WorkSpace (Matt)\TEST\lib\natives\windows\lwjgl.dll
0x6e690000 - 0x6e770000 	C:\WINDOWS\SYSTEM32\OPENGL32.dll
0x6e660000 - 0x6e685000 	C:\WINDOWS\SYSTEM32\GLU32.dll
0x6e570000 - 0x6e65e000 	C:\WINDOWS\SYSTEM32\DDRAW.dll
0x6e560000 - 0x6e567000 	C:\WINDOWS\SYSTEM32\DCIMAN32.dll
0x6c550000 - 0x6c5c5000 	C:\WINDOWS\system32\uxtheme.dll
0x76a70000 - 0x76b8f000 	C:\WINDOWS\SYSTEM32\MSCTF.dll
0x14fd0000 - 0x14ff5000 	C:\PROGRA~2\RAPTRI~1\PlaysTV\ltc_help32-112681.dll
0x76570000 - 0x765b2000 	C:\WINDOWS\SYSTEM32\WINTRUST.dll
0x76620000 - 0x7662e000 	C:\WINDOWS\SYSTEM32\MSASN1.dll
0x767e0000 - 0x76959000 	C:\WINDOWS\SYSTEM32\CRYPT32.dll
0x6ec20000 - 0x6ec45000 	C:\PROGRA~2\RAPTRI~1\Raptr\ltc_help32-109838.dll
0x6c530000 - 0x6c54d000 	C:\WINDOWS\system32\dwmapi.dll
0x15ab0000 - 0x15ac5000 	C:\WINDOWS\SYSTEM32\atiglpxx.dll
0x68120000 - 0x69a5b000 	C:\WINDOWS\SYSTEM32\atioglxx.dll
0x76e70000 - 0x7727b000 	C:\WINDOWS\SYSTEM32\SETUPAPI.dll
0x15cc0000 - 0x15db5000 	C:\WINDOWS\SYSTEM32\atiadlxy.dll
0x76480000 - 0x7656b000 	C:\WINDOWS\SYSTEM32\ole32.dll
0x72ca0000 - 0x72cb9000 	C:\WINDOWS\SYSTEM32\USERENV.dll
0x72610000 - 0x7261f000 	C:\WINDOWS\SYSTEM32\WTSAPI32.dll
0x15e10000 - 0x15f5b000 	C:\WINDOWS\SYSTEM32\PROPSYS.dll
0x738d0000 - 0x738ff000 	C:\WINDOWS\SYSTEM32\IPHLPAPI.DLL
0x74340000 - 0x743d2000 	C:\WINDOWS\SYSTEM32\OLEAUT32.dll
0x702b0000 - 0x702d2000 	C:\WINDOWS\SYSTEM32\DEVOBJ.dll
0x15ad0000 - 0x15af7000 	C:\WINDOWS\SYSTEM32\atigktxx.dll
0x61f90000 - 0x6200f000 	C:\WINDOWS\SYSTEM32\mscms.dll
0x5dad0000 - 0x5db0c000 	C:\WINDOWS\SYSTEM32\icm32.dll
0x1faf0000 - 0x1fc35000 	C:\Program Files (x86)\Java\jre1.8.0_73\bin\awt.dll
0x6d130000 - 0x6d1c2000 	C:\WINDOWS\system32\apphelp.dll
0x73380000 - 0x73393000 	C:\WINDOWS\SYSTEM32\CRYPTSP.dll
0x73330000 - 0x7335f000 	C:\WINDOWS\system32\rsaenh.dll
0x73360000 - 0x7337b000 	C:\WINDOWS\SYSTEM32\bcrypt.dll
0x76df0000 - 0x76e0b000 	C:\WINDOWS\SYSTEM32\imagehlp.dll
0x70260000 - 0x7027f000 	C:\WINDOWS\SYSTEM32\gpapi.dll
0x70010000 - 0x70035000 	C:\Windows\SYSTEM32\cryptnet.dll
0x719c0000 - 0x719c8000 	C:\WINDOWS\SYSTEM32\WINNSI.DLL
0x767d0000 - 0x767d7000 	C:\WINDOWS\SYSTEM32\NSI.dll
0x20e90000 - 0x21061000 	C:\PROGRA~2\RAPTRI~1\Raptr\ltc_game32-109838.dll
0x21690000 - 0x2185e000 	C:\PROGRA~2\RAPTRI~1\PlaysTV\ltc_game32-112681.dll
0x6f850000 - 0x6f98f000 	C:\WINDOWS\SYSTEM32\dbghelp.dll

VM Arguments:
jvm_args: -Djava.library.path=D:\Programs\Eclipse Luna\Eclipse WorkSpace (Matt)\TEST\lib\natives\windows -Dfile.encoding=Cp1252 
java_command: javagame.GameJava
java_class_path (initial): D:\Programs\Eclipse Luna\Eclipse WorkSpace (Matt)\MeteorDash\bin;D:\Programs\Eclipse Luna\Eclipse WorkSpace (Matt)\TEST\lib\jars\lwjgl.jar;D:\Programs\Eclipse Luna\Eclipse WorkSpace (Matt)\TEST\lib\jars\slick.jar
Launcher Type: SUN_STANDARD

Environment Variables:
PATH=C:/Program Files (x86)/Java/jre1.8.0_73/bin/client;C:/Program Files (x86)/Java/jre1.8.0_73/bin;C:/Program Files (x86)/Java/jre1.8.0_73/lib/i386;C:\Program Files (x86)\Razer Chroma SDK\bin;C:\Program Files\Razer Chroma SDK\bin;C:\Program Files (x86)\NVIDIA Corporation\PhysX\Common;C:\ProgramData\Oracle\Java\javapath;C:\Program Files (x86)\AMD APP\bin\x86_64;C:\Program Files (x86)\AMD APP\bin\x86;C:\WINDOWS\system32;C:\WINDOWS;C:\WINDOWS\System32\Wbem;C:\WINDOWS\System32\WindowsPowerShell\v1.0\;C:\Program Files (x86)\Windows Live\Shared;C:\Program Files (x86)\ATI Technologies\ATI.ACE\Core-Static;D:\Programs\ATI.ACE\Core-Static;D:\Programs\AMD Catalyst\ATI.ACE\Core-Static;\;C:\Program Files\Java\jdk1.8.0_31\bin;C:\Program Files (x86)\nodejs\;C:\Program Files (x86)\AMD\ATI.ACE\Core-Static;C:\Program Files (x86)\Skype\Phone\;D:\Programs\Python 3.5.1\Scripts\;D:\Programs\Python 3.5.1\;C:\Users\Matt\AppData\Roaming\npm;D:\Programs\Eclipse Luna\eclipse;
USERNAME=Matt
OS=Windows_NT
PROCESSOR_IDENTIFIER=AMD64 Family 21 Model 2 Stepping 0, AuthenticAMD



---------------  S Y S T E M  ---------------

OS: Windows 10.0 , 64 bit Build 10586 (10.0.10586.0)

CPU:total 8 (8 cores per cpu, 1 threads per core) family 21 model 2 stepping 0, cmov, cx8, fxsr, mmx, sse, sse2, sse3, ssse3, sse4.1, sse4.2, popcnt, avx, aes, clmul, mmxext, 3dnowpref, lzcnt, sse4a, tsc, tscinvbit, tscinv, bmi1

Memory: 4k page, physical 16690608k(11088244k free), swap 19180976k(10465648k free)

vm_info: Java HotSpot(TM) Client VM (25.73-b02) for windows-x86 JRE (1.8.0_73-b02), built on Jan 29 2016 17:05:52 by "java_re" with MS VC++ 10.0 (VS2010)

time: Fri May 13 03:36:55 2016
elapsed time: 123 seconds (0d 0h 2m 3s)

