#
# A fatal error has been detected by the Java Runtime Environment:
#
#  EXCEPTION_ACCESS_VIOLATION (0xc0000005) at pc=0x6dce379a, pid=17640, tid=18980
#
# JRE version: Java(TM) SE Runtime Environment (8.0_73-b02) (build 1.8.0_73-b02)
# Java VM: Java HotSpot(TM) Client VM (25.73-b02 mixed mode, sharing windows-x86 )
# Problematic frame:
# C  [OPENGL32.dll+0x9379a]
#
# Failed to write core dump. Minidumps are not enabled by default on client versions of Windows
#
# If you would like to submit a bug report, please visit:
#   http://bugreport.java.com/bugreport/crash.jsp
#

---------------  T H R E A D  ---------------

Current thread (0x00b83000):  VMThread [stack: 0x04250000,0x042a0000] [id=18980]

siginfo: ExceptionCode=0xc0000005, reading address 0x0000051c

Registers:
EAX=0x0023d000, EBX=0x00000000, ECX=0x2049c320, EDX=0x00000000
ESP=0x0429f1fc, EBP=0x0429f20c, ESI=0x2049c320, EDI=0x00000000
EIP=0x6dce379a, EFLAGS=0x00010202

Top of Stack: (sp=0x0429f1fc)
0x0429f1fc:   20194366 00000001 2049c328 2049d590
0x0429f20c:   0429f230 20198a03 2049c320 697fbc5e
0x0429f21c:   2049d590 00000000 0429f250 202509ee
0x0429f22c:   00000000 0429f25c 201990d2 2049d590
0x0429f23c:   697fbc32 2049675c 77affe50 20256380
0x0429f24c:   202f2ac8 0429f294 20251190 00000001
0x0429f25c:   0429f2a4 201f3aef 697fbcca 00000000
0x0429f26c:   00000000 20140000 204966c8 2049675c 

Instructions: (pc=0x6dce379a)
0x6dce377a:   8d 9b 00 00 00 00 64 8b 15 18 00 00 00 83 3d 04
0x6dce378a:   80 d0 6d 40 73 10 8b c2 03 15 90 28 d2 6d 8b 12
0x6dce379a:   ff a2 1c 05 00 00 ff 35 04 80 d0 6d ff 15 e0 71
0x6dce37aa:   d2 6d 92 ff a2 1c 05 00 00 8d a4 24 00 00 00 00 


Register to memory mapping:

EAX=
[error occurred during error reporting (printing register info), id 0xc0000005]

Stack: [0x04250000,0x042a0000],  sp=0x0429f1fc,  free space=316k
Native frames: (J=compiled Java code, j=interpreted, Vv=VM code, C=native code)
C  [OPENGL32.dll+0x9379a]
C  [ltc_game32-109838.dll+0x58a03]
C  [ltc_game32-109838.dll+0x590d2]
C  [ltc_game32-109838.dll+0xb3aef]
C  [ltc_game32-109838.dll+0xb3bd8]
C  [ltc_game32-109838.dll+0xad57f]
C  [ltc_game32-109838.dll+0xad5ea]
C  [ntdll.dll+0x76b8e]
C  [ntdll.dll+0x45ade]
C  [ntdll.dll+0x57efc]
C  [ntdll.dll+0x57dd6]
C  [KERNEL32.DLL+0x27b43]
C  [msvcr100.dll+0x27997]
C  [msvcr100.dll+0x27ab0]
C  [msvcr100.dll+0x27b1d]
V  [jvm.dll+0x1575c2]
V  [jvm.dll+0x18113d]
V  [jvm.dll+0x1805a1]
V  [jvm.dll+0x1809b7]
V  [jvm.dll+0x180bb2]
V  [jvm.dll+0x1c0636]
C  [msvcr100.dll+0x5c556]
C  [msvcr100.dll+0x5c600]
C  [KERNEL32.DLL+0x138f4]
C  [ntdll.dll+0x65de3]
C  [ntdll.dll+0x65dae]

VM_Operation (0x00b2f360): Exit, mode: safepoint, requested by thread 0x0087bc00


---------------  P R O C E S S  ---------------

Java Threads: ( => current thread )
  0x00bc0000 JavaThread "Service Thread" daemon [_thread_blocked, id=18564, stack(0x15650000,0x156a0000)]
  0x00b98c00 JavaThread "C1 CompilerThread0" daemon [_thread_blocked, id=16784, stack(0x155c0000,0x15610000)]
  0x00b97c00 JavaThread "Attach Listener" daemon [_thread_blocked, id=18920, stack(0x15570000,0x155c0000)]
  0x00b8d800 JavaThread "Signal Dispatcher" daemon [_thread_blocked, id=18884, stack(0x14f30000,0x14f80000)]
  0x00b8b800 JavaThread "Finalizer" daemon [_thread_blocked, id=9300, stack(0x04370000,0x043c0000)]
  0x00b86800 JavaThread "Reference Handler" daemon [_thread_blocked, id=15324, stack(0x042e0000,0x04330000)]
  0x0087bc00 JavaThread "main" [_thread_blocked, id=12068, stack(0x00ae0000,0x00b30000)]

Other Threads:
=>0x00b83000 VMThread [stack: 0x04250000,0x042a0000] [id=18980]

VM state:at safepoint (shutting down)

VM Mutex/Monitor currently owned by a thread:  ([mutex/lock_event])
[0x0087b790] Threads_lock - owner thread: 0x00b83000

Heap:
 def new generation   total 4928K, used 2951K [0x04400000, 0x04950000, 0x09950000)
  eden space 4416K,  64% used [0x04400000, 0x046c9480, 0x04850000)
  from space 512K,  19% used [0x04850000, 0x04868920, 0x048d0000)
  to   space 512K,   0% used [0x048d0000, 0x048d0000, 0x04950000)
 tenured generation   total 10944K, used 1629K [0x09950000, 0x0a400000, 0x14400000)
   the space 10944K,  14% used [0x09950000, 0x09ae76e8, 0x09ae7800, 0x0a400000)
 Metaspace       used 1153K, capacity 3289K, committed 3392K, reserved 4480K

Card table byte_map: [0x00ce0000,0x00d70000] byte_map_base: 0x00cbe000

Polling page: 0x00b30000

CodeCache: size=32768Kb used=1394Kb max_used=1394Kb free=31373Kb
 bounds [0x02250000, 0x023b0000, 0x04250000]
 total_blobs=677 nmethods=449 adapters=159
 compilation: enabled

Compilation events (10 events):
Event: 27.998 Thread 0x00b98c00  446             org.lwjgl.opengl.Display::pollDevices (31 bytes)
Event: 27.999 Thread 0x00b98c00 nmethod 446 0x023aab88 code [0x023aad00, 0x023ab158]
Event: 27.999 Thread 0x00b98c00  447   !         org.lwjgl.opengl.Display::isCloseRequested (38 bytes)
Event: 27.999 Thread 0x00b98c00 nmethod 447 0x023ab588 code [0x023ab6b0, 0x023aba4c]
Event: 27.999 Thread 0x00b98c00  448   !         org.lwjgl.opengl.Display::isVisible (38 bytes)
Event: 27.999 Thread 0x00b98c00 nmethod 448 0x023abc88 code [0x023abdb0, 0x023ac15c]
Event: 29.047 Thread 0x00b98c00  449   !         org.newdawn.slick.AppGameContainer::gameLoop (81 bytes)
Event: 29.048 Thread 0x00b98c00 nmethod 449 0x023ac388 code [0x023ac4f0, 0x023ac790]
Event: 29.048 Thread 0x00b98c00  450             org.newdawn.slick.AppGameContainer::hasFocus (4 bytes)
Event: 29.048 Thread 0x00b98c00 nmethod 450 0x023aca48 code [0x023acb40, 0x023acbcc]

GC Heap History (10 events):
Event: 21.481 GC heap before
{Heap before GC invocations=11 (full 0):
 def new generation   total 4928K, used 4486K [0x04400000, 0x04950000, 0x09950000)
  eden space 4416K, 100% used [0x04400000, 0x04850000, 0x04850000)
  from space 512K,  13% used [0x048d0000, 0x048e19c0, 0x04950000)
  to   space 512K,   0% used [0x04850000, 0x04850000, 0x048d0000)
 tenured generation   total 10944K, used 1629K [0x09950000, 0x0a400000, 0x14400000)
   the space 10944K,  14% used [0x09950000, 0x09ae76e8, 0x09ae7800, 0x0a400000)
 Metaspace       used 1098K, capacity 3225K, committed 3264K, reserved 4480K
Event: 21.482 GC heap after
Heap after GC invocations=12 (full 0):
 def new generation   total 4928K, used 72K [0x04400000, 0x04950000, 0x09950000)
  eden space 4416K,   0% used [0x04400000, 0x04400000, 0x04850000)
  from space 512K,  14% used [0x04850000, 0x04862100, 0x048d0000)
  to   space 512K,   0% used [0x048d0000, 0x048d0000, 0x04950000)
 tenured generation   total 10944K, used 1629K [0x09950000, 0x0a400000, 0x14400000)
   the space 10944K,  14% used [0x09950000, 0x09ae76e8, 0x09ae7800, 0x0a400000)
 Metaspace       used 1098K, capacity 3225K, committed 3264K, reserved 4480K
}
Event: 23.581 GC heap before
{Heap before GC invocations=12 (full 0):
 def new generation   total 4928K, used 4488K [0x04400000, 0x04950000, 0x09950000)
  eden space 4416K, 100% used [0x04400000, 0x04850000, 0x04850000)
  from space 512K,  14% used [0x04850000, 0x04862100, 0x048d0000)
  to   space 512K,   0% used [0x048d0000, 0x048d0000, 0x04950000)
 tenured generation   total 10944K, used 1629K [0x09950000, 0x0a400000, 0x14400000)
   the space 10944K,  14% used [0x09950000, 0x09ae76e8, 0x09ae7800, 0x0a400000)
 Metaspace       used 1098K, capacity 3225K, committed 3264K, reserved 4480K
Event: 23.582 GC heap after
Heap after GC invocations=13 (full 0):
 def new generation   total 4928K, used 80K [0x04400000, 0x04950000, 0x09950000)
  eden space 4416K,   0% used [0x04400000, 0x04400000, 0x04850000)
  from space 512K,  15% used [0x048d0000, 0x048e4218, 0x04950000)
  to   space 512K,   0% used [0x04850000, 0x04850000, 0x048d0000)
 tenured generation   total 10944K, used 1629K [0x09950000, 0x0a400000, 0x14400000)
   the space 10944K,  14% used [0x09950000, 0x09ae76e8, 0x09ae7800, 0x0a400000)
 Metaspace       used 1098K, capacity 3225K, committed 3264K, reserved 4480K
}
Event: 25.682 GC heap before
{Heap before GC invocations=13 (full 0):
 def new generation   total 4928K, used 4496K [0x04400000, 0x04950000, 0x09950000)
  eden space 4416K, 100% used [0x04400000, 0x04850000, 0x04850000)
  from space 512K,  15% used [0x048d0000, 0x048e4218, 0x04950000)
  to   space 512K,   0% used [0x04850000, 0x04850000, 0x048d0000)
 tenured generation   total 10944K, used 1629K [0x09950000, 0x0a400000, 0x14400000)
   the space 10944K,  14% used [0x09950000, 0x09ae76e8, 0x09ae7800, 0x0a400000)
 Metaspace       used 1098K, capacity 3225K, committed 3264K, reserved 4480K
Event: 25.682 GC heap after
Heap after GC invocations=14 (full 0):
 def new generation   total 4928K, used 75K [0x04400000, 0x04950000, 0x09950000)
  eden space 4416K,   0% used [0x04400000, 0x04400000, 0x04850000)
  from space 512K,  14% used [0x04850000, 0x04862f80, 0x048d0000)
  to   space 512K,   0% used [0x048d0000, 0x048d0000, 0x04950000)
 tenured generation   total 10944K, used 1629K [0x09950000, 0x0a400000, 0x14400000)
   the space 10944K,  14% used [0x09950000, 0x09ae76e8, 0x09ae7800, 0x0a400000)
 Metaspace       used 1098K, capacity 3225K, committed 3264K, reserved 4480K
}
Event: 27.781 GC heap before
{Heap before GC invocations=14 (full 0):
 def new generation   total 4928K, used 4491K [0x04400000, 0x04950000, 0x09950000)
  eden space 4416K, 100% used [0x04400000, 0x04850000, 0x04850000)
  from space 512K,  14% used [0x04850000, 0x04862f80, 0x048d0000)
  to   space 512K,   0% used [0x048d0000, 0x048d0000, 0x04950000)
 tenured generation   total 10944K, used 1629K [0x09950000, 0x0a400000, 0x14400000)
   the space 10944K,  14% used [0x09950000, 0x09ae76e8, 0x09ae7800, 0x0a400000)
 Metaspace       used 1098K, capacity 3225K, committed 3264K, reserved 4480K
Event: 27.782 GC heap after
Heap after GC invocations=15 (full 0):
 def new generation   total 4928K, used 87K [0x04400000, 0x04950000, 0x09950000)
  eden space 4416K,   0% used [0x04400000, 0x04400000, 0x04850000)
  from space 512K,  17% used [0x048d0000, 0x048e5f98, 0x04950000)
  to   space 512K,   0% used [0x04850000, 0x04850000, 0x048d0000)
 tenured generation   total 10944K, used 1629K [0x09950000, 0x0a400000, 0x14400000)
   the space 10944K,  14% used [0x09950000, 0x09ae76e8, 0x09ae7800, 0x0a400000)
 Metaspace       used 1098K, capacity 3225K, committed 3264K, reserved 4480K
}
Event: 29.881 GC heap before
{Heap before GC invocations=15 (full 0):
 def new generation   total 4928K, used 4503K [0x04400000, 0x04950000, 0x09950000)
  eden space 4416K, 100% used [0x04400000, 0x04850000, 0x04850000)
  from space 512K,  17% used [0x048d0000, 0x048e5f98, 0x04950000)
  to   space 512K,   0% used [0x04850000, 0x04850000, 0x048d0000)
 tenured generation   total 10944K, used 1629K [0x09950000, 0x0a400000, 0x14400000)
   the space 10944K,  14% used [0x09950000, 0x09ae76e8, 0x09ae7800, 0x0a400000)
 Metaspace       used 1098K, capacity 3225K, committed 3264K, reserved 4480K
Event: 29.882 GC heap after
Heap after GC invocations=16 (full 0):
 def new generation   total 4928K, used 98K [0x04400000, 0x04950000, 0x09950000)
  eden space 4416K,   0% used [0x04400000, 0x04400000, 0x04850000)
  from space 512K,  19% used [0x04850000, 0x04868920, 0x048d0000)
  to   space 512K,   0% used [0x048d0000, 0x048d0000, 0x04950000)
 tenured generation   total 10944K, used 1629K [0x09950000, 0x0a400000, 0x14400000)
   the space 10944K,  14% used [0x09950000, 0x09ae76e8, 0x09ae7800, 0x0a400000)
 Metaspace       used 1098K, capacity 3225K, committed 3264K, reserved 4480K
}

Deoptimization events (0 events):
No events

Internal exceptions (7 events):
Event: 0.030 Thread 0x0087bc00 Exception <a 'java/lang/NoSuchMethodError': Method sun.misc.Unsafe.defineClass(Ljava/lang/String;[BII)Ljava/lang/Class; name or signature does not match> (0x0440c0b8) thrown at [D:\re\workspace\8-2-build-windows-i586-cygwin\jdk8u73\6086\hotspot\src\share\v•ÐVøF–ž?
Event: 0.030 Thread 0x0087bc00 Exception <a 'java/lang/NoSuchMethodError': Method sun.misc.Unsafe.prefetchRead(Ljava/lang/Object;J)V name or signature does not match> (0x0440c388) thrown at [D:\re\workspace\8-2-build-windows-i586-cygwin\jdk8u73\6086\hotspot\src\share\vm\prims\jni.cpp, lxûê	ÚôÉ?
Event: 0.203 Thread 0x0087bc00 Exception <a 'java/security/PrivilegedActionException'> (0x045dcb08) thrown at [D:\re\workspace\8-2-build-windows-i586-cygwin\jdk8u73\6086\hotspot\src\share\vm\prims\jvm.cpp, line 1386]
Event: 0.203 Thread 0x0087bc00 Exception <a 'java/security/PrivilegedActionException'> (0x045dcd08) thrown at [D:\re\workspace\8-2-build-windows-i586-cygwin\jdk8u73\6086\hotspot\src\share\vm\prims\jvm.cpp, line 1386]
Event: 0.204 Thread 0x0087bc00 Exception <a 'java/security/PrivilegedActionException'> (0x045f6cd0) thrown at [D:\re\workspace\8-2-build-windows-i586-cygwin\jdk8u73\6086\hotspot\src\share\vm\prims\jvm.cpp, line 1386]
Event: 0.204 Thread 0x0087bc00 Exception <a 'java/security/PrivilegedActionException'> (0x045f6ed0) thrown at [D:\re\workspace\8-2-build-windows-i586-cygwin\jdk8u73\6086\hotspot\src\share\vm\prims\jvm.cpp, line 1386]
Event: 0.775 Thread 0x0087bc00 Exception <a 'java/lang/NoClassDefFoundError': net/java/games/input/ControllerEnvironment> (0x0457a340) thrown at [D:\re\workspace\8-2-build-windows-i586-cygwin\jdk8u73\6086\hotspot\src\share\vm\classfile\systemDictionary.cpp, line 199]

Events (10 events):
Event: 31.183 loading class org/lwjgl/openal/AL10 done
Event: 31.184 loading class org/lwjgl/openal/AL11
Event: 31.184 loading class org/lwjgl/openal/AL11 done
Event: 31.184 loading class org/lwjgl/openal/ALC10
Event: 31.184 loading class org/lwjgl/openal/ALC10 done
Event: 31.185 loading class org/lwjgl/openal/ALC11
Event: 31.185 loading class org/lwjgl/openal/ALC11 done
Event: 31.185 loading class org/lwjgl/openal/EFX10
Event: 31.185 loading class org/lwjgl/openal/EFX10 done
Event: 31.187 Executing VM operation: Exit


Dynamic libraries:
0x00e10000 - 0x00e43000 	C:\Program Files (x86)\Java\jre1.8.0_73\bin\javaw.exe
0x77aa0000 - 0x77c1b000 	C:\WINDOWS\SYSTEM32\ntdll.dll
0x76550000 - 0x76630000 	C:\WINDOWS\SYSTEM32\KERNEL32.DLL
0x76c70000 - 0x76dee000 	C:\WINDOWS\SYSTEM32\KERNELBASE.dll
0x76b90000 - 0x76c0b000 	C:\WINDOWS\SYSTEM32\ADVAPI32.dll
0x77670000 - 0x7772e000 	C:\WINDOWS\SYSTEM32\msvcrt.dll
0x76f80000 - 0x76fc4000 	C:\WINDOWS\SYSTEM32\sechost.dll
0x74810000 - 0x748bd000 	C:\WINDOWS\SYSTEM32\RPCRT4.dll
0x747d0000 - 0x747ee000 	C:\WINDOWS\SYSTEM32\SspiCli.dll
0x747c0000 - 0x747ca000 	C:\WINDOWS\SYSTEM32\CRYPTBASE.dll
0x764c0000 - 0x76518000 	C:\WINDOWS\SYSTEM32\bcryptPrimitives.dll
0x76630000 - 0x76777000 	C:\WINDOWS\SYSTEM32\USER32.dll
0x77090000 - 0x771df000 	C:\WINDOWS\SYSTEM32\GDI32.dll
0x712a0000 - 0x714af000 	C:\WINDOWS\WinSxS\x86_microsoft.windows.common-controls_6595b64144ccf1df_6.0.10586.0_none_d3c2e4e965da4528\COMCTL32.dll
0x778e0000 - 0x77a9d000 	C:\WINDOWS\SYSTEM32\combase.dll
0x76520000 - 0x7654b000 	C:\WINDOWS\SYSTEM32\IMM32.DLL
0x78210000 - 0x782cf000 	C:\Program Files (x86)\Java\jre1.8.0_73\bin\msvcr100.dll
0x6c250000 - 0x6c618000 	C:\Program Files (x86)\Java\jre1.8.0_73\bin\client\jvm.dll
0x77730000 - 0x77736000 	C:\WINDOWS\SYSTEM32\PSAPI.DLL
0x74430000 - 0x74438000 	C:\WINDOWS\SYSTEM32\WSOCK32.dll
0x71270000 - 0x71294000 	C:\WINDOWS\SYSTEM32\WINMM.dll
0x748d0000 - 0x7492f000 	C:\WINDOWS\SYSTEM32\WS2_32.dll
0x74400000 - 0x74408000 	C:\WINDOWS\SYSTEM32\VERSION.dll
0x00570000 - 0x00593000 	C:\WINDOWS\SYSTEM32\WINMMBASE.dll
0x74930000 - 0x74967000 	C:\WINDOWS\SYSTEM32\cfgmgr32.dll
0x50db0000 - 0x50dbc000 	C:\Program Files (x86)\Java\jre1.8.0_73\bin\verify.dll
0x6cfe0000 - 0x6d001000 	C:\Program Files (x86)\Java\jre1.8.0_73\bin\java.dll
0x6fbc0000 - 0x6fbd3000 	C:\Program Files (x86)\Java\jre1.8.0_73\bin\zip.dll
0x750c0000 - 0x764be000 	C:\WINDOWS\SYSTEM32\SHELL32.dll
0x74a60000 - 0x74f5a000 	C:\WINDOWS\SYSTEM32\windows.storage.dll
0x74f60000 - 0x74fa5000 	C:\WINDOWS\SYSTEM32\shlwapi.dll
0x77030000 - 0x7703c000 	C:\WINDOWS\SYSTEM32\kernel.appcore.dll
0x74970000 - 0x749fd000 	C:\WINDOWS\SYSTEM32\shcore.dll
0x77040000 - 0x77084000 	C:\WINDOWS\SYSTEM32\powrprof.dll
0x74800000 - 0x7480f000 	C:\WINDOWS\SYSTEM32\profapi.dll
0x15930000 - 0x1597f000 	D:\Programs\Eclipse Luna\Eclipse WorkSpace (Matt)\TEST\lib\natives\windows\lwjgl.dll
0x6dc50000 - 0x6dd30000 	C:\WINDOWS\SYSTEM32\OPENGL32.dll
0x6dc20000 - 0x6dc45000 	C:\WINDOWS\SYSTEM32\GLU32.dll
0x6db30000 - 0x6dc1e000 	C:\WINDOWS\SYSTEM32\DDRAW.dll
0x6db20000 - 0x6db27000 	C:\WINDOWS\SYSTEM32\DCIMAN32.dll
0x70ee0000 - 0x70f55000 	C:\WINDOWS\system32\uxtheme.dll
0x76e60000 - 0x76f7f000 	C:\WINDOWS\SYSTEM32\MSCTF.dll
0x50d80000 - 0x50da5000 	C:\PROGRA~2\RAPTRI~1\Raptr\ltc_help32-109838.dll
0x74fb0000 - 0x74ff2000 	C:\WINDOWS\SYSTEM32\WINTRUST.dll
0x748c0000 - 0x748ce000 	C:\WINDOWS\SYSTEM32\MSASN1.dll
0x77740000 - 0x778b8000 	C:\WINDOWS\SYSTEM32\CRYPT32.dll
0x696a0000 - 0x696bd000 	C:\WINDOWS\system32\dwmapi.dll
0x52da0000 - 0x52db5000 	C:\WINDOWS\SYSTEM32\atiglpxx.dll
0x15e10000 - 0x1774b000 	C:\WINDOWS\SYSTEM32\atioglxx.dll
0x76780000 - 0x76b8b000 	C:\WINDOWS\SYSTEM32\SETUPAPI.dll
0x501d0000 - 0x502c5000 	C:\WINDOWS\SYSTEM32\atiadlxy.dll
0x77580000 - 0x7766b000 	C:\WINDOWS\SYSTEM32\ole32.dll
0x73410000 - 0x7341f000 	C:\WINDOWS\SYSTEM32\WTSAPI32.dll
0x687c0000 - 0x6890b000 	C:\WINDOWS\SYSTEM32\PROPSYS.dll
0x734b0000 - 0x734c9000 	C:\WINDOWS\SYSTEM32\USERENV.dll
0x741a0000 - 0x741cf000 	C:\WINDOWS\SYSTEM32\IPHLPAPI.DLL
0x75020000 - 0x750b2000 	C:\WINDOWS\SYSTEM32\OLEAUT32.dll
0x714b0000 - 0x714d2000 	C:\WINDOWS\SYSTEM32\DEVOBJ.dll
0x52d70000 - 0x52d97000 	C:\WINDOWS\SYSTEM32\atigktxx.dll
0x60610000 - 0x6068f000 	C:\WINDOWS\SYSTEM32\mscms.dll
0x5dc10000 - 0x5dc4c000 	C:\WINDOWS\SYSTEM32\icm32.dll
0x1f490000 - 0x1f5d5000 	C:\Program Files (x86)\Java\jre1.8.0_73\bin\awt.dll
0x69e00000 - 0x69e92000 	C:\WINDOWS\system32\apphelp.dll
0x73b90000 - 0x73ba3000 	C:\WINDOWS\SYSTEM32\CRYPTSP.dll
0x73b40000 - 0x73b6f000 	C:\WINDOWS\system32\rsaenh.dll
0x73b70000 - 0x73b8b000 	C:\WINDOWS\SYSTEM32\bcrypt.dll
0x778c0000 - 0x778db000 	C:\WINDOWS\SYSTEM32\imagehlp.dll
0x71580000 - 0x7159f000 	C:\WINDOWS\SYSTEM32\gpapi.dll
0x71550000 - 0x71575000 	C:\Windows\SYSTEM32\cryptnet.dll
0x71f90000 - 0x71f98000 	C:\WINDOWS\SYSTEM32\WINNSI.DLL
0x747f0000 - 0x747f7000 	C:\WINDOWS\SYSTEM32\NSI.dll
0x20140000 - 0x20311000 	C:\PROGRA~2\RAPTRI~1\Raptr\ltc_game32-109838.dll
0x6a570000 - 0x6a6af000 	C:\WINDOWS\SYSTEM32\dbghelp.dll

VM Arguments:
jvm_args: -Djava.library.path=D:\Programs\Eclipse Luna\Eclipse WorkSpace (Matt)\TEST\lib\natives\windows -Dfile.encoding=Cp1252 
java_command: javagame.GameJava
java_class_path (initial): D:\Programs\Eclipse Luna\Eclipse WorkSpace (Matt)\MeteorDash\bin;D:\Programs\Eclipse Luna\Eclipse WorkSpace (Matt)\TEST\lib\jars\lwjgl.jar;D:\Programs\Eclipse Luna\Eclipse WorkSpace (Matt)\TEST\lib\jars\slick.jar
Launcher Type: SUN_STANDARD

Environment Variables:
PATH=C:/Program Files (x86)/Java/jre1.8.0_73/bin/client;C:/Program Files (x86)/Java/jre1.8.0_73/bin;C:/Program Files (x86)/Java/jre1.8.0_73/lib/i386;C:\Program Files (x86)\Razer Chroma SDK\bin;C:\Program Files\Razer Chroma SDK\bin;C:\Program Files (x86)\NVIDIA Corporation\PhysX\Common;C:\ProgramData\Oracle\Java\javapath;C:\Program Files (x86)\AMD APP\bin\x86_64;C:\Program Files (x86)\AMD APP\bin\x86;C:\WINDOWS\system32;C:\WINDOWS;C:\WINDOWS\System32\Wbem;C:\WINDOWS\System32\WindowsPowerShell\v1.0\;C:\Program Files (x86)\Windows Live\Shared;C:\Program Files (x86)\ATI Technologies\ATI.ACE\Core-Static;D:\Programs\ATI.ACE\Core-Static;D:\Programs\AMD Catalyst\ATI.ACE\Core-Static;\;C:\Program Files\Java\jdk1.8.0_31\bin;C:\Program Files (x86)\nodejs\;C:\Program Files (x86)\AMD\ATI.ACE\Core-Static;C:\Program Files (x86)\Skype\Phone\;D:\Programs\Python 3.5.1\Scripts\;D:\Programs\Python 3.5.1\;C:\Users\Matt\AppData\Roaming\npm;D:\Programs\Eclipse Luna\eclipse;
USERNAME=Matt
OS=Windows_NT
PROCESSOR_IDENTIFIER=AMD64 Family 21 Model 2 Stepping 0, AuthenticAMD



---------------  S Y S T E M  ---------------

OS: Windows 10.0 , 64 bit Build 10586 (10.0.10586.0)

CPU:total 8 (8 cores per cpu, 1 threads per core) family 21 model 2 stepping 0, cmov, cx8, fxsr, mmx, sse, sse2, sse3, ssse3, sse4.1, sse4.2, popcnt, avx, aes, clmul, mmxext, 3dnowpref, lzcnt, sse4a, tsc, tscinvbit, tscinv, bmi1

Memory: 4k page, physical 16690608k(10983836k free), swap 19180976k(10625768k free)

vm_info: Java HotSpot(TM) Client VM (25.73-b02) for windows-x86 JRE (1.8.0_73-b02), built on Jan 29 2016 17:05:52 by "java_re" with MS VC++ 10.0 (VS2010)

time: Thu May 12 04:35:54 2016
elapsed time: 31 seconds (0d 0h 0m 31s)

