#
# A fatal error has been detected by the Java Runtime Environment:
#
#  EXCEPTION_ACCESS_VIOLATION (0xc0000005) at pc=0x6ddd379a, pid=73360, tid=73036
#
# JRE version: Java(TM) SE Runtime Environment (8.0_73-b02) (build 1.8.0_73-b02)
# Java VM: Java HotSpot(TM) Client VM (25.73-b02 mixed mode, sharing windows-x86 )
# Problematic frame:
# C  [OPENGL32.dll+0x9379a]
#
# Failed to write core dump. Minidumps are not enabled by default on client versions of Windows
#
# If you would like to submit a bug report, please visit:
#   http://bugreport.java.com/bugreport/crash.jsp
#

---------------  T H R E A D  ---------------

Current thread (0x02113000):  VMThread [stack: 0x00c90000,0x00ce0000] [id=73036]

siginfo: ExceptionCode=0xc0000005, reading address 0x0000051c

Registers:
EAX=0x00213000, EBX=0x00000000, ECX=0x2132c3c8, EDX=0x00000000
ESP=0x00cdf54c, EBP=0x00cdf55c, ESI=0x2132c3c8, EDI=0x00000000
EIP=0x6ddd379a, EFLAGS=0x00010202

Top of Stack: (sp=0x00cdf54c)
0x00cdf54c:   20d34366 00000001 2132c3d0 2132d9d0
0x00cdf55c:   00cdf580 20d38a03 2132c3c8 8a2b1b89
0x00cdf56c:   2132d9d0 00000000 00cdf5a0 20df09ee
0x00cdf57c:   00000000 00cdf5ac 20d390d2 2132d9d0
0x00cdf58c:   8a2b1ba5 2132675c 77b4fe50 20df6380
0x00cdf59c:   20e92ac8 00cdf5e4 20df1190 00000001
0x00cdf5ac:   00cdf5f4 20d93aef 8a2b1bfd 00000000
0x00cdf5bc:   00000000 20ce0000 213266c8 2132675c 

Instructions: (pc=0x6ddd379a)
0x6ddd377a:   8d 9b 00 00 00 00 64 8b 15 18 00 00 00 83 3d 04
0x6ddd378a:   80 df 6d 40 73 10 8b c2 03 15 90 28 e1 6d 8b 12
0x6ddd379a:   ff a2 1c 05 00 00 ff 35 04 80 df 6d ff 15 e0 71
0x6ddd37aa:   e1 6d 92 ff a2 1c 05 00 00 8d a4 24 00 00 00 00 


Register to memory mapping:

EAX=
[error occurred during error reporting (printing register info), id 0xc0000005]

Stack: [0x00c90000,0x00ce0000],  sp=0x00cdf54c,  free space=317k
Native frames: (J=compiled Java code, j=interpreted, Vv=VM code, C=native code)
C  [OPENGL32.dll+0x9379a]
C  [ltc_game32-109838.dll+0x58a03]
C  [ltc_game32-109838.dll+0x590d2]
C  [ltc_game32-109838.dll+0xb3aef]
C  [ltc_game32-109838.dll+0xb3bd8]
C  [ltc_game32-109838.dll+0xad57f]
C  [ltc_game32-109838.dll+0xad5ea]
C  [ntdll.dll+0x76b8e]
C  [ntdll.dll+0x45ade]
C  [ntdll.dll+0x57efc]
C  [ntdll.dll+0x57dd6]
C  [KERNEL32.DLL+0x27b43]
C  [msvcr100.dll+0x27997]
C  [msvcr100.dll+0x27ab0]
C  [msvcr100.dll+0x27b1d]
V  [jvm.dll+0x1575c2]
V  [jvm.dll+0x18113d]
V  [jvm.dll+0x1805a1]
V  [jvm.dll+0x1809b7]
V  [jvm.dll+0x180bb2]
V  [jvm.dll+0x1c0636]
C  [msvcr100.dll+0x5c556]
C  [msvcr100.dll+0x5c600]
C  [KERNEL32.DLL+0x138f4]
C  [ntdll.dll+0x65de3]
C  [ntdll.dll+0x65dae]

VM_Operation (0x0083f380): Exit, mode: safepoint, requested by thread 0x0227bc00


---------------  P R O C E S S  ---------------

Java Threads: ( => current thread )
  0x02148000 JavaThread "Service Thread" daemon [_thread_blocked, id=73488, stack(0x15650000,0x156a0000)]
  0x02128c00 JavaThread "C1 CompilerThread0" daemon [_thread_blocked, id=73356, stack(0x155c0000,0x15610000)]
  0x02127c00 JavaThread "Attach Listener" daemon [_thread_blocked, id=73300, stack(0x15570000,0x155c0000)]
  0x0211d800 JavaThread "Signal Dispatcher" daemon [_thread_blocked, id=72736, stack(0x14f30000,0x14f80000)]
  0x0211b800 JavaThread "Finalizer" daemon [_thread_blocked, id=62804, stack(0x043a0000,0x043f0000)]
  0x02116800 JavaThread "Reference Handler" daemon [_thread_blocked, id=69836, stack(0x04310000,0x04360000)]
  0x0227bc00 JavaThread "main" [_thread_blocked, id=73012, stack(0x007f0000,0x00840000)]

Other Threads:
=>0x02113000 VMThread [stack: 0x00c90000,0x00ce0000] [id=73036]

VM state:at safepoint (shutting down)

VM Mutex/Monitor currently owned by a thread:  ([mutex/lock_event])
[0x0227afd8] Threads_lock - owner thread: 0x02113000

Heap:
 def new generation   total 4928K, used 1697K [0x04400000, 0x04950000, 0x09950000)
  eden space 4416K,  36% used [0x04400000, 0x04596dd0, 0x04850000)
  from space 512K,  13% used [0x048d0000, 0x048e1968, 0x04950000)
  to   space 512K,   0% used [0x04850000, 0x04850000, 0x048d0000)
 tenured generation   total 10944K, used 1635K [0x09950000, 0x0a400000, 0x14400000)
   the space 10944K,  14% used [0x09950000, 0x09ae8eb8, 0x09ae9000, 0x0a400000)
 Metaspace       used 1153K, capacity 3289K, committed 3392K, reserved 4480K

Card table byte_map: [0x04280000,0x04310000] byte_map_base: 0x0425e000

Polling page: 0x008b0000

CodeCache: size=32768Kb used=1398Kb max_used=1398Kb free=31369Kb
 bounds [0x02280000, 0x023e0000, 0x04280000]
 total_blobs=681 nmethods=453 adapters=159
 compilation: enabled

Compilation events (10 events):
Event: 31.835 Thread 0x02128c00  446  s          org.lwjgl.opengl.PeerInfo::unlock (88 bytes)
Event: 31.836 Thread 0x02128c00 nmethod 446 0x023da788 code [0x023da900, 0x023dadf0]
Event: 31.869 Thread 0x02128c00  447             java.nio.ByteBuffer::put (9 bytes)
Event: 31.869 Thread 0x02128c00 nmethod 447 0x023db188 code [0x023db290, 0x023db33c]
Event: 33.252 Thread 0x02128c00  448             org.lwjgl.opengl.WindowsKeyboard::flushRetained (37 bytes)
Event: 33.252 Thread 0x02128c00 nmethod 448 0x023db3c8 code [0x023db4c0, 0x023db59c]
Event: 33.385 Thread 0x02128c00  449             org.lwjgl.opengl.WindowsKeyboard::poll (81 bytes)
Event: 33.386 Thread 0x02128c00 nmethod 449 0x023db608 code [0x023db750, 0x023db9a8]
Event: 43.372 Thread 0x02128c00  454             org.newdawn.slick.AngelCodeFont::render (164 bytes)
Event: 43.374 Thread 0x02128c00 nmethod 454 0x023dc648 code [0x023dc820, 0x023dcf64]

GC Heap History (10 events):
Event: 34.936 GC heap before
{Heap before GC invocations=18 (full 0):
 def new generation   total 4928K, used 4489K [0x04400000, 0x04950000, 0x09950000)
  eden space 4416K, 100% used [0x04400000, 0x04850000, 0x04850000)
  from space 512K,  14% used [0x04850000, 0x04862510, 0x048d0000)
  to   space 512K,   0% used [0x048d0000, 0x048d0000, 0x04950000)
 tenured generation   total 10944K, used 1629K [0x09950000, 0x0a400000, 0x14400000)
   the space 10944K,  14% used [0x09950000, 0x09ae7520, 0x09ae7600, 0x0a400000)
 Metaspace       used 1098K, capacity 3225K, committed 3264K, reserved 4480K
Event: 34.937 GC heap after
Heap after GC invocations=19 (full 0):
 def new generation   total 4928K, used 72K [0x04400000, 0x04950000, 0x09950000)
  eden space 4416K,   0% used [0x04400000, 0x04400000, 0x04850000)
  from space 512K,  14% used [0x048d0000, 0x048e2378, 0x04950000)
  to   space 512K,   0% used [0x04850000, 0x04850000, 0x048d0000)
 tenured generation   total 10944K, used 1629K [0x09950000, 0x0a400000, 0x14400000)
   the space 10944K,  14% used [0x09950000, 0x09ae7708, 0x09ae7800, 0x0a400000)
 Metaspace       used 1098K, capacity 3225K, committed 3264K, reserved 4480K
}
Event: 37.053 GC heap before
{Heap before GC invocations=19 (full 0):
 def new generation   total 4928K, used 4488K [0x04400000, 0x04950000, 0x09950000)
  eden space 4416K, 100% used [0x04400000, 0x04850000, 0x04850000)
  from space 512K,  14% used [0x048d0000, 0x048e2378, 0x04950000)
  to   space 512K,   0% used [0x04850000, 0x04850000, 0x048d0000)
 tenured generation   total 10944K, used 1629K [0x09950000, 0x0a400000, 0x14400000)
   the space 10944K,  14% used [0x09950000, 0x09ae7708, 0x09ae7800, 0x0a400000)
 Metaspace       used 1098K, capacity 3225K, committed 3264K, reserved 4480K
Event: 37.054 GC heap after
Heap after GC invocations=20 (full 0):
 def new generation   total 4928K, used 69K [0x04400000, 0x04950000, 0x09950000)
  eden space 4416K,   0% used [0x04400000, 0x04400000, 0x04850000)
  from space 512K,  13% used [0x04850000, 0x048615f0, 0x048d0000)
  to   space 512K,   0% used [0x048d0000, 0x048d0000, 0x04950000)
 tenured generation   total 10944K, used 1633K [0x09950000, 0x0a400000, 0x14400000)
   the space 10944K,  14% used [0x09950000, 0x09ae8490, 0x09ae8600, 0x0a400000)
 Metaspace       used 1098K, capacity 3225K, committed 3264K, reserved 4480K
}
Event: 39.169 GC heap before
{Heap before GC invocations=20 (full 0):
 def new generation   total 4928K, used 4485K [0x04400000, 0x04950000, 0x09950000)
  eden space 4416K, 100% used [0x04400000, 0x04850000, 0x04850000)
  from space 512K,  13% used [0x04850000, 0x048615f0, 0x048d0000)
  to   space 512K,   0% used [0x048d0000, 0x048d0000, 0x04950000)
 tenured generation   total 10944K, used 1633K [0x09950000, 0x0a400000, 0x14400000)
   the space 10944K,  14% used [0x09950000, 0x09ae8490, 0x09ae8600, 0x0a400000)
 Metaspace       used 1098K, capacity 3225K, committed 3264K, reserved 4480K
Event: 39.170 GC heap after
Heap after GC invocations=21 (full 0):
 def new generation   total 4928K, used 67K [0x04400000, 0x04950000, 0x09950000)
  eden space 4416K,   0% used [0x04400000, 0x04400000, 0x04850000)
  from space 512K,  13% used [0x048d0000, 0x048e0f18, 0x04950000)
  to   space 512K,   0% used [0x04850000, 0x04850000, 0x048d0000)
 tenured generation   total 10944K, used 1634K [0x09950000, 0x0a400000, 0x14400000)
   the space 10944K,  14% used [0x09950000, 0x09ae8b18, 0x09ae8c00, 0x0a400000)
 Metaspace       used 1098K, capacity 3225K, committed 3264K, reserved 4480K
}
Event: 41.270 GC heap before
{Heap before GC invocations=21 (full 0):
 def new generation   total 4928K, used 4483K [0x04400000, 0x04950000, 0x09950000)
  eden space 4416K, 100% used [0x04400000, 0x04850000, 0x04850000)
  from space 512K,  13% used [0x048d0000, 0x048e0f18, 0x04950000)
  to   space 512K,   0% used [0x04850000, 0x04850000, 0x048d0000)
 tenured generation   total 10944K, used 1634K [0x09950000, 0x0a400000, 0x14400000)
   the space 10944K,  14% used [0x09950000, 0x09ae8b18, 0x09ae8c00, 0x0a400000)
 Metaspace       used 1098K, capacity 3225K, committed 3264K, reserved 4480K
Event: 41.270 GC heap after
Heap after GC invocations=22 (full 0):
 def new generation   total 4928K, used 67K [0x04400000, 0x04950000, 0x09950000)
  eden space 4416K,   0% used [0x04400000, 0x04400000, 0x04850000)
  from space 512K,  13% used [0x04850000, 0x04860c78, 0x048d0000)
  to   space 512K,   0% used [0x048d0000, 0x048d0000, 0x04950000)
 tenured generation   total 10944K, used 1635K [0x09950000, 0x0a400000, 0x14400000)
   the space 10944K,  14% used [0x09950000, 0x09ae8e08, 0x09ae9000, 0x0a400000)
 Metaspace       used 1098K, capacity 3225K, committed 3264K, reserved 4480K
}
Event: 43.387 GC heap before
{Heap before GC invocations=22 (full 0):
 def new generation   total 4928K, used 4483K [0x04400000, 0x04950000, 0x09950000)
  eden space 4416K, 100% used [0x04400000, 0x04850000, 0x04850000)
  from space 512K,  13% used [0x04850000, 0x04860c78, 0x048d0000)
  to   space 512K,   0% used [0x048d0000, 0x048d0000, 0x04950000)
 tenured generation   total 10944K, used 1635K [0x09950000, 0x0a400000, 0x14400000)
   the space 10944K,  14% used [0x09950000, 0x09ae8e08, 0x09ae9000, 0x0a400000)
 Metaspace       used 1098K, capacity 3225K, committed 3264K, reserved 4480K
Event: 43.388 GC heap after
Heap after GC invocations=23 (full 0):
 def new generation   total 4928K, used 70K [0x04400000, 0x04950000, 0x09950000)
  eden space 4416K,   0% used [0x04400000, 0x04400000, 0x04850000)
  from space 512K,  13% used [0x048d0000, 0x048e1968, 0x04950000)
  to   space 512K,   0% used [0x04850000, 0x04850000, 0x048d0000)
 tenured generation   total 10944K, used 1635K [0x09950000, 0x0a400000, 0x14400000)
   the space 10944K,  14% used [0x09950000, 0x09ae8eb8, 0x09ae9000, 0x0a400000)
 Metaspace       used 1098K, capacity 3225K, committed 3264K, reserved 4480K
}

Deoptimization events (0 events):
No events

Internal exceptions (7 events):
Event: 0.113 Thread 0x0227bc00 Exception <a 'java/lang/NoSuchMethodError': Method sun.misc.Unsafe.defineClass(Ljava/lang/String;[BII)Ljava/lang/Class; name or signature does not match> (0x0440c0b8) thrown at [D:\re\workspace\8-2-build-windows-i586-cygwin\jdk8u73\6086\hotspot\src\share\vócÄî#Úº?
Event: 0.113 Thread 0x0227bc00 Exception <a 'java/lang/NoSuchMethodError': Method sun.misc.Unsafe.prefetchRead(Ljava/lang/Object;J)V name or signature does not match> (0x0440c388) thrown at [D:\re\workspace\8-2-build-windows-i586-cygwin\jdk8u73\6086\hotspot\src\share\vm\prims\jni.cpp, l±ÅÊà?€?
Event: 0.426 Thread 0x0227bc00 Exception <a 'java/security/PrivilegedActionException'> (0x045dcb10) thrown at [D:\re\workspace\8-2-build-windows-i586-cygwin\jdk8u73\6086\hotspot\src\share\vm\prims\jvm.cpp, line 1386]
Event: 0.426 Thread 0x0227bc00 Exception <a 'java/security/PrivilegedActionException'> (0x045dcd10) thrown at [D:\re\workspace\8-2-build-windows-i586-cygwin\jdk8u73\6086\hotspot\src\share\vm\prims\jvm.cpp, line 1386]
Event: 0.427 Thread 0x0227bc00 Exception <a 'java/security/PrivilegedActionException'> (0x045f6cd8) thrown at [D:\re\workspace\8-2-build-windows-i586-cygwin\jdk8u73\6086\hotspot\src\share\vm\prims\jvm.cpp, line 1386]
Event: 0.427 Thread 0x0227bc00 Exception <a 'java/security/PrivilegedActionException'> (0x045f6ed8) thrown at [D:\re\workspace\8-2-build-windows-i586-cygwin\jdk8u73\6086\hotspot\src\share\vm\prims\jvm.cpp, line 1386]
Event: 1.356 Thread 0x0227bc00 Exception <a 'java/lang/NoClassDefFoundError': net/java/games/input/ControllerEnvironment> (0x0457a340) thrown at [D:\re\workspace\8-2-build-windows-i586-cygwin\jdk8u73\6086\hotspot\src\share\vm\classfile\systemDictionary.cpp, line 199]

Events (10 events):
Event: 44.126 loading class org/lwjgl/openal/AL10 done
Event: 44.127 loading class org/lwjgl/openal/AL11
Event: 44.127 loading class org/lwjgl/openal/AL11 done
Event: 44.127 loading class org/lwjgl/openal/ALC10
Event: 44.127 loading class org/lwjgl/openal/ALC10 done
Event: 44.128 loading class org/lwjgl/openal/ALC11
Event: 44.128 loading class org/lwjgl/openal/ALC11 done
Event: 44.128 loading class org/lwjgl/openal/EFX10
Event: 44.128 loading class org/lwjgl/openal/EFX10 done
Event: 44.134 Executing VM operation: Exit


Dynamic libraries:
0x00100000 - 0x00133000 	C:\Program Files (x86)\Java\jre1.8.0_73\bin\javaw.exe
0x77af0000 - 0x77c6b000 	C:\WINDOWS\SYSTEM32\ntdll.dll
0x764a0000 - 0x76580000 	C:\WINDOWS\SYSTEM32\KERNEL32.DLL
0x76ad0000 - 0x76c4e000 	C:\WINDOWS\SYSTEM32\KERNELBASE.dll
0x74d10000 - 0x74d8b000 	C:\WINDOWS\SYSTEM32\ADVAPI32.dll
0x74d90000 - 0x74e4e000 	C:\WINDOWS\SYSTEM32\msvcrt.dll
0x74fd0000 - 0x75014000 	C:\WINDOWS\SYSTEM32\sechost.dll
0x76c50000 - 0x76cfd000 	C:\WINDOWS\SYSTEM32\RPCRT4.dll
0x74820000 - 0x7483e000 	C:\WINDOWS\SYSTEM32\SspiCli.dll
0x74810000 - 0x7481a000 	C:\WINDOWS\SYSTEM32\CRYPTBASE.dll
0x74c50000 - 0x74ca8000 	C:\WINDOWS\SYSTEM32\bcryptPrimitives.dll
0x74e80000 - 0x74fc7000 	C:\WINDOWS\SYSTEM32\USER32.dll
0x74a00000 - 0x74b4f000 	C:\WINDOWS\SYSTEM32\GDI32.dll
0x72540000 - 0x7274f000 	C:\WINDOWS\WinSxS\x86_microsoft.windows.common-controls_6595b64144ccf1df_6.0.10586.0_none_d3c2e4e965da4528\COMCTL32.dll
0x74840000 - 0x749fd000 	C:\WINDOWS\SYSTEM32\combase.dll
0x74e50000 - 0x74e7b000 	C:\WINDOWS\SYSTEM32\IMM32.DLL
0x77e20000 - 0x77edf000 	C:\Program Files (x86)\Java\jre1.8.0_73\bin\msvcr100.dll
0x6cb10000 - 0x6ced8000 	C:\Program Files (x86)\Java\jre1.8.0_73\bin\client\jvm.dll
0x77a80000 - 0x77a86000 	C:\WINDOWS\SYSTEM32\PSAPI.DLL
0x74480000 - 0x74488000 	C:\WINDOWS\SYSTEM32\WSOCK32.dll
0x74260000 - 0x74268000 	C:\WINDOWS\SYSTEM32\VERSION.dll
0x71b50000 - 0x71b74000 	C:\WINDOWS\SYSTEM32\WINMM.dll
0x76610000 - 0x7666f000 	C:\WINDOWS\SYSTEM32\WS2_32.dll
0x00900000 - 0x00923000 	C:\WINDOWS\SYSTEM32\WINMMBASE.dll
0x77a90000 - 0x77ac7000 	C:\WINDOWS\SYSTEM32\cfgmgr32.dll
0x6acb0000 - 0x6acbc000 	C:\Program Files (x86)\Java\jre1.8.0_73\bin\verify.dll
0x6ac80000 - 0x6aca1000 	C:\Program Files (x86)\Java\jre1.8.0_73\bin\java.dll
0x6ac60000 - 0x6ac73000 	C:\Program Files (x86)\Java\jre1.8.0_73\bin\zip.dll
0x75020000 - 0x7641e000 	C:\WINDOWS\SYSTEM32\SHELL32.dll
0x77160000 - 0x7765a000 	C:\WINDOWS\SYSTEM32\windows.storage.dll
0x76450000 - 0x76495000 	C:\WINDOWS\SYSTEM32\shlwapi.dll
0x77ad0000 - 0x77adc000 	C:\WINDOWS\SYSTEM32\kernel.appcore.dll
0x779f0000 - 0x77a7d000 	C:\WINDOWS\SYSTEM32\shcore.dll
0x76d00000 - 0x76d44000 	C:\WINDOWS\SYSTEM32\powrprof.dll
0x76440000 - 0x7644f000 	C:\WINDOWS\SYSTEM32\profapi.dll
0x15930000 - 0x1597f000 	D:\Programs\Eclipse Luna\Eclipse WorkSpace (Matt)\TEST\lib\natives\windows\lwjgl.dll
0x6dd40000 - 0x6de20000 	C:\WINDOWS\SYSTEM32\OPENGL32.dll
0x6dd10000 - 0x6dd35000 	C:\WINDOWS\SYSTEM32\GLU32.dll
0x6dc20000 - 0x6dd0e000 	C:\WINDOWS\SYSTEM32\DDRAW.dll
0x6dc10000 - 0x6dc17000 	C:\WINDOWS\SYSTEM32\DCIMAN32.dll
0x70fb0000 - 0x71025000 	C:\WINDOWS\system32\uxtheme.dll
0x76720000 - 0x7683f000 	C:\WINDOWS\SYSTEM32\MSCTF.dll
0x15980000 - 0x159a5000 	C:\PROGRA~2\RAPTRI~1\PlaysTV\ltc_help32-112681.dll
0x76670000 - 0x766b2000 	C:\WINDOWS\SYSTEM32\WINTRUST.dll
0x77ae0000 - 0x77aee000 	C:\WINDOWS\SYSTEM32\MSASN1.dll
0x77870000 - 0x779e9000 	C:\WINDOWS\SYSTEM32\CRYPT32.dll
0x159d0000 - 0x159f5000 	C:\PROGRA~2\RAPTRI~1\Raptr\ltc_help32-109838.dll
0x6e9c0000 - 0x6e9dd000 	C:\WINDOWS\system32\dwmapi.dll
0x15a20000 - 0x15a35000 	C:\WINDOWS\SYSTEM32\atiglpxx.dll
0x68b60000 - 0x6a49b000 	C:\WINDOWS\SYSTEM32\atioglxx.dll
0x76d50000 - 0x7715b000 	C:\WINDOWS\SYSTEM32\SETUPAPI.dll
0x15e10000 - 0x15f05000 	C:\WINDOWS\SYSTEM32\atiadlxy.dll
0x769c0000 - 0x76aab000 	C:\WINDOWS\SYSTEM32\ole32.dll
0x67a90000 - 0x67bdb000 	C:\WINDOWS\SYSTEM32\PROPSYS.dll
0x734b0000 - 0x734c9000 	C:\WINDOWS\SYSTEM32\USERENV.dll
0x723f0000 - 0x723ff000 	C:\WINDOWS\SYSTEM32\WTSAPI32.dll
0x73f20000 - 0x73f4f000 	C:\WINDOWS\SYSTEM32\IPHLPAPI.DLL
0x777d0000 - 0x77862000 	C:\WINDOWS\SYSTEM32\OLEAUT32.dll
0x723c0000 - 0x723e2000 	C:\WINDOWS\SYSTEM32\DEVOBJ.dll
0x15a40000 - 0x15a67000 	C:\WINDOWS\SYSTEM32\atigktxx.dll
0x64af0000 - 0x64b6f000 	C:\WINDOWS\SYSTEM32\mscms.dll
0x5d930000 - 0x5d96c000 	C:\WINDOWS\SYSTEM32\icm32.dll
0x6c180000 - 0x6c2c5000 	C:\Program Files (x86)\Java\jre1.8.0_73\bin\awt.dll
0x6a870000 - 0x6a902000 	C:\WINDOWS\system32\apphelp.dll
0x73be0000 - 0x73bf3000 	C:\WINDOWS\SYSTEM32\CRYPTSP.dll
0x73b90000 - 0x73bbf000 	C:\WINDOWS\system32\rsaenh.dll
0x73bc0000 - 0x73bdb000 	C:\WINDOWS\SYSTEM32\bcrypt.dll
0x76420000 - 0x7643b000 	C:\WINDOWS\SYSTEM32\imagehlp.dll
0x710d0000 - 0x710ef000 	C:\WINDOWS\SYSTEM32\gpapi.dll
0x71080000 - 0x710a5000 	C:\Windows\SYSTEM32\cryptnet.dll
0x72ff0000 - 0x72ff8000 	C:\WINDOWS\SYSTEM32\WINNSI.DLL
0x76940000 - 0x76947000 	C:\WINDOWS\SYSTEM32\NSI.dll
0x549d0000 - 0x54b9e000 	C:\PROGRA~2\RAPTRI~1\PlaysTV\ltc_game32-112681.dll
0x20ce0000 - 0x20eb1000 	C:\PROGRA~2\RAPTRI~1\Raptr\ltc_game32-109838.dll
0x6a980000 - 0x6aabf000 	C:\WINDOWS\SYSTEM32\dbghelp.dll

VM Arguments:
jvm_args: -Djava.library.path=D:\Programs\Eclipse Luna\Eclipse WorkSpace (Matt)\TEST\lib\natives\windows -Dfile.encoding=Cp1252 
java_command: javagame.GameJava
java_class_path (initial): D:\Programs\Eclipse Luna\Eclipse WorkSpace (Matt)\MeteorDash\bin;D:\Programs\Eclipse Luna\Eclipse WorkSpace (Matt)\TEST\lib\jars\lwjgl.jar;D:\Programs\Eclipse Luna\Eclipse WorkSpace (Matt)\TEST\lib\jars\slick.jar
Launcher Type: SUN_STANDARD

Environment Variables:
PATH=C:/Program Files (x86)/Java/jre1.8.0_73/bin/client;C:/Program Files (x86)/Java/jre1.8.0_73/bin;C:/Program Files (x86)/Java/jre1.8.0_73/lib/i386;C:\Program Files (x86)\Razer Chroma SDK\bin;C:\Program Files\Razer Chroma SDK\bin;C:\Program Files (x86)\NVIDIA Corporation\PhysX\Common;C:\ProgramData\Oracle\Java\javapath;C:\Program Files (x86)\AMD APP\bin\x86_64;C:\Program Files (x86)\AMD APP\bin\x86;C:\WINDOWS\system32;C:\WINDOWS;C:\WINDOWS\System32\Wbem;C:\WINDOWS\System32\WindowsPowerShell\v1.0\;C:\Program Files (x86)\Windows Live\Shared;C:\Program Files (x86)\ATI Technologies\ATI.ACE\Core-Static;D:\Programs\ATI.ACE\Core-Static;D:\Programs\AMD Catalyst\ATI.ACE\Core-Static;\;C:\Program Files\Java\jdk1.8.0_31\bin;C:\Program Files (x86)\nodejs\;C:\Program Files (x86)\AMD\ATI.ACE\Core-Static;C:\Program Files (x86)\Skype\Phone\;D:\Programs\Python 3.5.1\Scripts\;D:\Programs\Python 3.5.1\;C:\Users\Matt\AppData\Roaming\npm;D:\Programs\Eclipse Luna\eclipse;
USERNAME=Matt
OS=Windows_NT
PROCESSOR_IDENTIFIER=AMD64 Family 21 Model 2 Stepping 0, AuthenticAMD



---------------  S Y S T E M  ---------------

OS: Windows 10.0 , 64 bit Build 10586 (10.0.10586.0)

CPU:total 8 (8 cores per cpu, 1 threads per core) family 21 model 2 stepping 0, cmov, cx8, fxsr, mmx, sse, sse2, sse3, ssse3, sse4.1, sse4.2, popcnt, avx, aes, clmul, mmxext, 3dnowpref, lzcnt, sse4a, tsc, tscinvbit, tscinv, bmi1

Memory: 4k page, physical 16690608k(8682796k free), swap 19180976k(6567052k free)

vm_info: Java HotSpot(TM) Client VM (25.73-b02) for windows-x86 JRE (1.8.0_73-b02), built on Jan 29 2016 17:05:52 by "java_re" with MS VC++ 10.0 (VS2010)

time: Sat May 21 23:11:57 2016
elapsed time: 44 seconds (0d 0h 0m 44s)

