#
# A fatal error has been detected by the Java Runtime Environment:
#
#  EXCEPTION_ACCESS_VIOLATION (0xc0000005) at pc=0x6e72379a, pid=18240, tid=15408
#
# JRE version: Java(TM) SE Runtime Environment (8.0_73-b02) (build 1.8.0_73-b02)
# Java VM: Java HotSpot(TM) Client VM (25.73-b02 mixed mode windows-x86 )
# Problematic frame:
# C  [OPENGL32.dll+0x9379a]
#
# Failed to write core dump. Minidumps are not enabled by default on client versions of Windows
#
# If you would like to submit a bug report, please visit:
#   http://bugreport.java.com/bugreport/crash.jsp
#

---------------  T H R E A D  ---------------

Current thread (0x0249cc00):  VMThread [stack: 0x00a10000,0x00a60000] [id=15408]

siginfo: ExceptionCode=0xc0000005, reading address 0x0000051c

Registers:
EAX=0x003b2000, EBX=0x00000000, ECX=0x2031c3c8, EDX=0x00000000
ESP=0x00a5f30c, EBP=0x00a5f31c, ESI=0x2031c3c8, EDI=0x00000000
EIP=0x6e72379a, EFLAGS=0x00010202

Top of Stack: (sp=0x00a5f30c)
0x00a5f30c:   200cb586 00000001 2031c3d0 2031d7b0
0x00a5f31c:   00a5f340 200cf943 2031c3c8 bcc7fea2
0x00a5f32c:   2031d7b0 00000000 00a5f360 201893de
0x00a5f33c:   00000000 00a5f36c 200d0012 2031d7b0
0x00a5f34c:   bcc7fe8e 2031675c 772efe50 2018e6d0
0x00a5f35c:   2022eab8 00a5f3a4 20189ae0 00000001
0x00a5f36c:   00a5f3b4 2012c5ef bcc7fe56 00000000
0x00a5f37c:   00000000 20080000 203166c8 2031675c 

Instructions: (pc=0x6e72379a)
0x6e72377a:   8d 9b 00 00 00 00 64 8b 15 18 00 00 00 83 3d 04
0x6e72378a:   80 74 6e 40 73 10 8b c2 03 15 90 28 76 6e 8b 12
0x6e72379a:   ff a2 1c 05 00 00 ff 35 04 80 74 6e ff 15 e0 71
0x6e7237aa:   76 6e 92 ff a2 1c 05 00 00 8d a4 24 00 00 00 00 


Register to memory mapping:

EAX=
[error occurred during error reporting (printing register info), id 0xc0000005]

Stack: [0x00a10000,0x00a60000],  sp=0x00a5f30c,  free space=316k
Native frames: (J=compiled Java code, j=interpreted, Vv=VM code, C=native code)
C  [OPENGL32.dll+0x9379a]
C  [ltc_game32-112681.dll+0x4f943]
C  [ltc_game32-112681.dll+0x50012]
C  [ltc_game32-112681.dll+0xac5ef]
C  [ltc_game32-112681.dll+0xac6d8]
C  [ltc_game32-112681.dll+0xa607f]
C  [ltc_game32-112681.dll+0xa60ea]
C  [ntdll.dll+0x76b8e]
C  [ntdll.dll+0x45ade]
C  [ntdll.dll+0x57efc]
C  [ntdll.dll+0x57dd6]
C  [KERNEL32.DLL+0x27b43]
C  [msvcr100.dll+0x27997]
C  [msvcr100.dll+0x27ab0]
C  [msvcr100.dll+0x27b1d]
V  [jvm.dll+0x1575c2]
V  [jvm.dll+0x18113d]
V  [jvm.dll+0x1805a1]
V  [jvm.dll+0x1809b7]
V  [jvm.dll+0x180bb2]
V  [jvm.dll+0x1c0636]
C  [msvcr100.dll+0x5c556]
C  [msvcr100.dll+0x5c600]
C  [KERNEL32.DLL+0x138f4]
C  [ntdll.dll+0x65de3]
C  [ntdll.dll+0x65dae]

VM_Operation (0x009cfa40): Exit, mode: safepoint, requested by thread 0x00d5bc00


---------------  P R O C E S S  ---------------

Java Threads: ( => current thread )
  0x14a8ac00 JavaThread "Service Thread" daemon [_thread_blocked, id=17860, stack(0x14d80000,0x14dd0000)]
  0x14a83c00 JavaThread "C1 CompilerThread0" daemon [_thread_blocked, id=17696, stack(0x04590000,0x045e0000)]
  0x14a83000 JavaThread "Attach Listener" daemon [_thread_blocked, id=17000, stack(0x00c50000,0x00ca0000)]
  0x14a8cc00 JavaThread "Signal Dispatcher" daemon [_thread_blocked, id=18096, stack(0x00bc0000,0x00c10000)]
  0x14a67000 JavaThread "Finalizer" daemon [_thread_blocked, id=17760, stack(0x00b30000,0x00b80000)]
  0x14a62400 JavaThread "Reference Handler" daemon [_thread_blocked, id=14348, stack(0x00aa0000,0x00af0000)]
  0x00d5bc00 JavaThread "main" [_thread_blocked, id=18284, stack(0x00980000,0x009d0000)]

Other Threads:
=>0x0249cc00 VMThread [stack: 0x00a10000,0x00a60000] [id=15408]

VM state:at safepoint (shutting down)

VM Mutex/Monitor currently owned by a thread:  ([mutex/lock_event])
[0x00d5b790] Threads_lock - owner thread: 0x0249cc00

Heap:
 def new generation   total 4928K, used 1303K [0x04600000, 0x04b50000, 0x09b50000)
  eden space 4416K,  25% used [0x04600000, 0x0471c5a8, 0x04a50000)
  from space 512K,  32% used [0x04a50000, 0x04a796d8, 0x04ad0000)
  to   space 512K,   0% used [0x04ad0000, 0x04ad0000, 0x04b50000)
 tenured generation   total 10944K, used 1629K [0x09b50000, 0x0a600000, 0x14600000)
   the space 10944K,  14% used [0x09b50000, 0x09ce7550, 0x09ce7600, 0x0a600000)
 Metaspace       used 3394K, capacity 3421K, committed 3520K, reserved 4480K

Card table byte_map: [0x044a0000,0x04530000] byte_map_base: 0x0447d000

Polling page: 0x00ce0000

CodeCache: size=32768Kb used=1389Kb max_used=1389Kb free=31378Kb
 bounds [0x024a0000, 0x02600000, 0x044a0000]
 total_blobs=679 nmethods=453 adapters=157
 compilation: enabled

Compilation events (10 events):
Event: 31.267 Thread 0x14a83c00  449             org.lwjgl.opengl.WindowsDisplayPeerInfo::doUnlock (1 bytes)
Event: 31.267 Thread 0x14a83c00 nmethod 449 0x025f80c8 code [0x025f81c0, 0x025f8240]
Event: 31.796 Thread 0x14a83c00  450   !         org.lwjgl.opengl.WindowsContextImplementation::swapBuffers (67 bytes)
Event: 31.796 Thread 0x14a83c00 nmethod 450 0x025f8508 code [0x025f8660, 0x025f89b8]
Event: 32.777 Thread 0x14a83c00  452             org.newdawn.slick.GameContainer::updateFPS (48 bytes)
Event: 32.777 Thread 0x14a83c00 nmethod 452 0x025f8d48 code [0x025f8e60, 0x025f8fe8]
Event: 32.783 Thread 0x14a83c00  453             org.newdawn.slick.GameContainer::running (5 bytes)
Event: 32.783 Thread 0x14a83c00 nmethod 453 0x025f9108 code [0x025f9200, 0x025f9280]
Event: 32.783 Thread 0x14a83c00  454   !         org.newdawn.slick.GameContainer::updateAndRender (406 bytes)
Event: 32.786 Thread 0x14a83c00 nmethod 454 0x025f92c8 code [0x025f95f0, 0x025fa34c]

GC Heap History (10 events):
Event: 35.801 GC heap before
{Heap before GC invocations=13 (full 0):
 def new generation   total 4928K, used 4575K [0x04600000, 0x04b50000, 0x09b50000)
  eden space 4416K, 100% used [0x04600000, 0x04a50000, 0x04a50000)
  from space 512K,  31% used [0x04ad0000, 0x04af7d38, 0x04b50000)
  to   space 512K,   0% used [0x04a50000, 0x04a50000, 0x04ad0000)
 tenured generation   total 10944K, used 1626K [0x09b50000, 0x0a600000, 0x14600000)
   the space 10944K,  14% used [0x09b50000, 0x09ce6910, 0x09ce6a00, 0x0a600000)
 Metaspace       used 3332K, capacity 3357K, committed 3392K, reserved 4480K
Event: 35.802 GC heap after
Heap after GC invocations=14 (full 0):
 def new generation   total 4928K, used 166K [0x04600000, 0x04b50000, 0x09b50000)
  eden space 4416K,   0% used [0x04600000, 0x04600000, 0x04a50000)
  from space 512K,  32% used [0x04a50000, 0x04a798a8, 0x04ad0000)
  to   space 512K,   0% used [0x04ad0000, 0x04ad0000, 0x04b50000)
 tenured generation   total 10944K, used 1626K [0x09b50000, 0x0a600000, 0x14600000)
   the space 10944K,  14% used [0x09b50000, 0x09ce6910, 0x09ce6a00, 0x0a600000)
 Metaspace       used 3332K, capacity 3357K, committed 3392K, reserved 4480K
}
Event: 39.052 GC heap before
{Heap before GC invocations=14 (full 0):
 def new generation   total 4928K, used 4582K [0x04600000, 0x04b50000, 0x09b50000)
  eden space 4416K, 100% used [0x04600000, 0x04a50000, 0x04a50000)
  from space 512K,  32% used [0x04a50000, 0x04a798a8, 0x04ad0000)
  to   space 512K,   0% used [0x04ad0000, 0x04ad0000, 0x04b50000)
 tenured generation   total 10944K, used 1626K [0x09b50000, 0x0a600000, 0x14600000)
   the space 10944K,  14% used [0x09b50000, 0x09ce6910, 0x09ce6a00, 0x0a600000)
 Metaspace       used 3332K, capacity 3357K, committed 3392K, reserved 4480K
Event: 39.053 GC heap after
Heap after GC invocations=15 (full 0):
 def new generation   total 4928K, used 168K [0x04600000, 0x04b50000, 0x09b50000)
  eden space 4416K,   0% used [0x04600000, 0x04600000, 0x04a50000)
  from space 512K,  32% used [0x04ad0000, 0x04afa158, 0x04b50000)
  to   space 512K,   0% used [0x04a50000, 0x04a50000, 0x04ad0000)
 tenured generation   total 10944K, used 1626K [0x09b50000, 0x0a600000, 0x14600000)
   the space 10944K,  14% used [0x09b50000, 0x09ce6910, 0x09ce6a00, 0x0a600000)
 Metaspace       used 3332K, capacity 3357K, committed 3392K, reserved 4480K
}
Event: 42.351 GC heap before
{Heap before GC invocations=15 (full 0):
 def new generation   total 4928K, used 4584K [0x04600000, 0x04b50000, 0x09b50000)
  eden space 4416K, 100% used [0x04600000, 0x04a50000, 0x04a50000)
  from space 512K,  32% used [0x04ad0000, 0x04afa158, 0x04b50000)
  to   space 512K,   0% used [0x04a50000, 0x04a50000, 0x04ad0000)
 tenured generation   total 10944K, used 1626K [0x09b50000, 0x0a600000, 0x14600000)
   the space 10944K,  14% used [0x09b50000, 0x09ce6910, 0x09ce6a00, 0x0a600000)
 Metaspace       used 3332K, capacity 3357K, committed 3392K, reserved 4480K
Event: 42.351 GC heap after
Heap after GC invocations=16 (full 0):
 def new generation   total 4928K, used 168K [0x04600000, 0x04b50000, 0x09b50000)
  eden space 4416K,   0% used [0x04600000, 0x04600000, 0x04a50000)
  from space 512K,  32% used [0x04a50000, 0x04a7a358, 0x04ad0000)
  to   space 512K,   0% used [0x04ad0000, 0x04ad0000, 0x04b50000)
 tenured generation   total 10944K, used 1626K [0x09b50000, 0x0a600000, 0x14600000)
   the space 10944K,  14% used [0x09b50000, 0x09ce6910, 0x09ce6a00, 0x0a600000)
 Metaspace       used 3332K, capacity 3357K, committed 3392K, reserved 4480K
}
Event: 45.701 GC heap before
{Heap before GC invocations=16 (full 0):
 def new generation   total 4928K, used 4584K [0x04600000, 0x04b50000, 0x09b50000)
  eden space 4416K, 100% used [0x04600000, 0x04a50000, 0x04a50000)
  from space 512K,  32% used [0x04a50000, 0x04a7a358, 0x04ad0000)
  to   space 512K,   0% used [0x04ad0000, 0x04ad0000, 0x04b50000)
 tenured generation   total 10944K, used 1626K [0x09b50000, 0x0a600000, 0x14600000)
   the space 10944K,  14% used [0x09b50000, 0x09ce6910, 0x09ce6a00, 0x0a600000)
 Metaspace       used 3332K, capacity 3357K, committed 3392K, reserved 4480K
Event: 45.702 GC heap after
Heap after GC invocations=17 (full 0):
 def new generation   total 4928K, used 169K [0x04600000, 0x04b50000, 0x09b50000)
  eden space 4416K,   0% used [0x04600000, 0x04600000, 0x04a50000)
  from space 512K,  33% used [0x04ad0000, 0x04afa448, 0x04b50000)
  to   space 512K,   0% used [0x04a50000, 0x04a50000, 0x04ad0000)
 tenured generation   total 10944K, used 1626K [0x09b50000, 0x0a600000, 0x14600000)
   the space 10944K,  14% used [0x09b50000, 0x09ce6910, 0x09ce6a00, 0x0a600000)
 Metaspace       used 3332K, capacity 3357K, committed 3392K, reserved 4480K
}
Event: 48.918 GC heap before
{Heap before GC invocations=17 (full 0):
 def new generation   total 4928K, used 4585K [0x04600000, 0x04b50000, 0x09b50000)
  eden space 4416K, 100% used [0x04600000, 0x04a50000, 0x04a50000)
  from space 512K,  33% used [0x04ad0000, 0x04afa448, 0x04b50000)
  to   space 512K,   0% used [0x04a50000, 0x04a50000, 0x04ad0000)
 tenured generation   total 10944K, used 1626K [0x09b50000, 0x0a600000, 0x14600000)
   the space 10944K,  14% used [0x09b50000, 0x09ce6910, 0x09ce6a00, 0x0a600000)
 Metaspace       used 3332K, capacity 3357K, committed 3392K, reserved 4480K
Event: 48.919 GC heap after
Heap after GC invocations=18 (full 0):
 def new generation   total 4928K, used 165K [0x04600000, 0x04b50000, 0x09b50000)
  eden space 4416K,   0% used [0x04600000, 0x04600000, 0x04a50000)
  from space 512K,  32% used [0x04a50000, 0x04a796d8, 0x04ad0000)
  to   space 512K,   0% used [0x04ad0000, 0x04ad0000, 0x04b50000)
 tenured generation   total 10944K, used 1629K [0x09b50000, 0x0a600000, 0x14600000)
   the space 10944K,  14% used [0x09b50000, 0x09ce7550, 0x09ce7600, 0x0a600000)
 Metaspace       used 3332K, capacity 3357K, committed 3392K, reserved 4480K
}

Deoptimization events (0 events):
No events

Internal exceptions (7 events):
Event: 0.092 Thread 0x00d5bc00 Exception <a 'java/lang/NoSuchMethodError': Method sun.misc.Unsafe.defineClass(Ljava/lang/String;[BII)Ljava/lang/Class; name or signature does not match> (0x0460b630) thrown at [D:\re\workspace\8-2-build-windows-i586-cygwin\jdk8u73\6086\hotspot\src\share\vÈ«Ü>Ò…·?
Event: 0.092 Thread 0x00d5bc00 Exception <a 'java/lang/NoSuchMethodError': Method sun.misc.Unsafe.prefetchRead(Ljava/lang/Object;J)V name or signature does not match> (0x0460b900) thrown at [D:\re\workspace\8-2-build-windows-i586-cygwin\jdk8u73\6086\hotspot\src\share\vm\prims\jni.cpp, l×(28Ó?
Event: 0.300 Thread 0x00d5bc00 Exception <a 'java/security/PrivilegedActionException'> (0x047f2638) thrown at [D:\re\workspace\8-2-build-windows-i586-cygwin\jdk8u73\6086\hotspot\src\share\vm\prims\jvm.cpp, line 1386]
Event: 0.300 Thread 0x00d5bc00 Exception <a 'java/security/PrivilegedActionException'> (0x047f2838) thrown at [D:\re\workspace\8-2-build-windows-i586-cygwin\jdk8u73\6086\hotspot\src\share\vm\prims\jvm.cpp, line 1386]
Event: 0.301 Thread 0x00d5bc00 Exception <a 'java/security/PrivilegedActionException'> (0x047f6620) thrown at [D:\re\workspace\8-2-build-windows-i586-cygwin\jdk8u73\6086\hotspot\src\share\vm\prims\jvm.cpp, line 1386]
Event: 0.301 Thread 0x00d5bc00 Exception <a 'java/security/PrivilegedActionException'> (0x047f6820) thrown at [D:\re\workspace\8-2-build-windows-i586-cygwin\jdk8u73\6086\hotspot\src\share\vm\prims\jvm.cpp, line 1386]
Event: 0.834 Thread 0x00d5bc00 Exception <a 'java/lang/NoClassDefFoundError': net/java/games/input/ControllerEnvironment> (0x047796c8) thrown at [D:\re\workspace\8-2-build-windows-i586-cygwin\jdk8u73\6086\hotspot\src\share\vm\classfile\systemDictionary.cpp, line 199]

Events (10 events):
Event: 49.778 loading class org/lwjgl/openal/ALC11 done
Event: 49.778 loading class org/lwjgl/openal/EFX10
Event: 49.778 loading class org/lwjgl/openal/EFX10 done
Event: 49.779 loading class java/util/IdentityHashMap$KeySet
Event: 49.788 loading class java/util/IdentityHashMap$KeySet done
Event: 49.788 loading class java/util/IdentityHashMap$KeyIterator
Event: 49.788 loading class java/util/IdentityHashMap$IdentityHashMapIterator
Event: 49.794 loading class java/util/IdentityHashMap$IdentityHashMapIterator done
Event: 49.794 loading class java/util/IdentityHashMap$KeyIterator done
Event: 49.794 Executing VM operation: Exit


Dynamic libraries:
0x00140000 - 0x00173000 	C:\Program Files (x86)\Java\jre1.8.0_73\bin\javaw.exe
0x77290000 - 0x7740b000 	C:\WINDOWS\SYSTEM32\ntdll.dll
0x74090000 - 0x74170000 	C:\WINDOWS\SYSTEM32\KERNEL32.DLL
0x74730000 - 0x748ae000 	C:\WINDOWS\SYSTEM32\KERNELBASE.dll
0x76b90000 - 0x76c0b000 	C:\WINDOWS\SYSTEM32\ADVAPI32.dll
0x76960000 - 0x76a1e000 	C:\WINDOWS\SYSTEM32\msvcrt.dll
0x76a20000 - 0x76a64000 	C:\WINDOWS\SYSTEM32\sechost.dll
0x763d0000 - 0x7647d000 	C:\WINDOWS\SYSTEM32\RPCRT4.dll
0x73fc0000 - 0x73fde000 	C:\WINDOWS\SYSTEM32\SspiCli.dll
0x73fb0000 - 0x73fba000 	C:\WINDOWS\SYSTEM32\CRYPTBASE.dll
0x74420000 - 0x74478000 	C:\WINDOWS\SYSTEM32\bcryptPrimitives.dll
0x76ca0000 - 0x76de7000 	C:\WINDOWS\SYSTEM32\USER32.dll
0x76630000 - 0x7677f000 	C:\WINDOWS\SYSTEM32\GDI32.dll
0x702e0000 - 0x704ef000 	C:\WINDOWS\WinSxS\x86_microsoft.windows.common-controls_6595b64144ccf1df_6.0.10586.0_none_d3c2e4e965da4528\COMCTL32.dll
0x74570000 - 0x7472d000 	C:\WINDOWS\SYSTEM32\combase.dll
0x74e10000 - 0x74e3b000 	C:\WINDOWS\SYSTEM32\IMM32.DLL
0x78660000 - 0x7871f000 	C:\Program Files (x86)\Java\jre1.8.0_73\bin\msvcr100.dll
0x6cc90000 - 0x6d058000 	C:\Program Files (x86)\Java\jre1.8.0_73\bin\client\jvm.dll
0x77280000 - 0x77286000 	C:\WINDOWS\SYSTEM32\PSAPI.DLL
0x73c20000 - 0x73c28000 	C:\WINDOWS\SYSTEM32\WSOCK32.dll
0x70280000 - 0x702a4000 	C:\WINDOWS\SYSTEM32\WINMM.dll
0x73b30000 - 0x73b38000 	C:\WINDOWS\SYSTEM32\VERSION.dll
0x76e10000 - 0x76e6f000 	C:\WINDOWS\SYSTEM32\WS2_32.dll
0x00d90000 - 0x00db3000 	C:\WINDOWS\SYSTEM32\WINMMBASE.dll
0x743e0000 - 0x74417000 	C:\WINDOWS\SYSTEM32\cfgmgr32.dll
0x6e770000 - 0x6e77c000 	C:\Program Files (x86)\Java\jre1.8.0_73\bin\verify.dll
0x6cb80000 - 0x6cba1000 	C:\Program Files (x86)\Java\jre1.8.0_73\bin\java.dll
0x6fd30000 - 0x6fd43000 	C:\Program Files (x86)\Java\jre1.8.0_73\bin\zip.dll
0x74fd0000 - 0x763ce000 	C:\WINDOWS\SYSTEM32\SHELL32.dll
0x748b0000 - 0x74daa000 	C:\WINDOWS\SYSTEM32\windows.storage.dll
0x74480000 - 0x744c5000 	C:\WINDOWS\SYSTEM32\shlwapi.dll
0x73fe0000 - 0x73fec000 	C:\WINDOWS\SYSTEM32\kernel.appcore.dll
0x76c10000 - 0x76c9d000 	C:\WINDOWS\SYSTEM32\shcore.dll
0x76780000 - 0x767c4000 	C:\WINDOWS\SYSTEM32\powrprof.dll
0x74e40000 - 0x74e4f000 	C:\WINDOWS\SYSTEM32\profapi.dll
0x14e60000 - 0x14eaf000 	D:\Programs\Eclipse Luna\Eclipse WorkSpace (Matt)\TEST\lib\natives\windows\lwjgl.dll
0x6e690000 - 0x6e770000 	C:\WINDOWS\SYSTEM32\OPENGL32.dll
0x6e660000 - 0x6e685000 	C:\WINDOWS\SYSTEM32\GLU32.dll
0x6e570000 - 0x6e65e000 	C:\WINDOWS\SYSTEM32\DDRAW.dll
0x6e560000 - 0x6e567000 	C:\WINDOWS\SYSTEM32\DCIMAN32.dll
0x6c550000 - 0x6c5c5000 	C:\WINDOWS\system32\uxtheme.dll
0x76a70000 - 0x76b8f000 	C:\WINDOWS\SYSTEM32\MSCTF.dll
0x00d60000 - 0x00d85000 	C:\PROGRA~2\RAPTRI~1\PlaysTV\ltc_help32-112681.dll
0x76570000 - 0x765b2000 	C:\WINDOWS\SYSTEM32\WINTRUST.dll
0x76620000 - 0x7662e000 	C:\WINDOWS\SYSTEM32\MSASN1.dll
0x767e0000 - 0x76959000 	C:\WINDOWS\SYSTEM32\CRYPT32.dll
0x6ec20000 - 0x6ec45000 	C:\PROGRA~2\RAPTRI~1\Raptr\ltc_help32-109838.dll
0x6c530000 - 0x6c54d000 	C:\WINDOWS\system32\dwmapi.dll
0x14eb0000 - 0x14ec5000 	C:\WINDOWS\SYSTEM32\atiglpxx.dll
0x68120000 - 0x69a5b000 	C:\WINDOWS\SYSTEM32\atioglxx.dll
0x76e70000 - 0x7727b000 	C:\WINDOWS\SYSTEM32\SETUPAPI.dll
0x15180000 - 0x15275000 	C:\WINDOWS\SYSTEM32\atiadlxy.dll
0x76480000 - 0x7656b000 	C:\WINDOWS\SYSTEM32\ole32.dll
0x15280000 - 0x153cb000 	C:\WINDOWS\SYSTEM32\PROPSYS.dll
0x72ca0000 - 0x72cb9000 	C:\WINDOWS\SYSTEM32\USERENV.dll
0x72610000 - 0x7261f000 	C:\WINDOWS\SYSTEM32\WTSAPI32.dll
0x738d0000 - 0x738ff000 	C:\WINDOWS\SYSTEM32\IPHLPAPI.DLL
0x74340000 - 0x743d2000 	C:\WINDOWS\SYSTEM32\OLEAUT32.dll
0x702b0000 - 0x702d2000 	C:\WINDOWS\SYSTEM32\DEVOBJ.dll
0x14ed0000 - 0x14ef7000 	C:\WINDOWS\SYSTEM32\atigktxx.dll
0x61f90000 - 0x6200f000 	C:\WINDOWS\SYSTEM32\mscms.dll
0x5e330000 - 0x5e36c000 	C:\WINDOWS\SYSTEM32\icm32.dll
0x6c9f0000 - 0x6cb35000 	C:\Program Files (x86)\Java\jre1.8.0_73\bin\awt.dll
0x6d130000 - 0x6d1c2000 	C:\WINDOWS\system32\apphelp.dll
0x73380000 - 0x73393000 	C:\WINDOWS\SYSTEM32\CRYPTSP.dll
0x73330000 - 0x7335f000 	C:\WINDOWS\system32\rsaenh.dll
0x73360000 - 0x7337b000 	C:\WINDOWS\SYSTEM32\bcrypt.dll
0x76df0000 - 0x76e0b000 	C:\WINDOWS\SYSTEM32\imagehlp.dll
0x70260000 - 0x7027f000 	C:\WINDOWS\SYSTEM32\gpapi.dll
0x70010000 - 0x70035000 	C:\Windows\SYSTEM32\cryptnet.dll
0x719c0000 - 0x719c8000 	C:\WINDOWS\SYSTEM32\WINNSI.DLL
0x767d0000 - 0x767d7000 	C:\WINDOWS\SYSTEM32\NSI.dll
0x1fea0000 - 0x20071000 	C:\PROGRA~2\RAPTRI~1\Raptr\ltc_game32-109838.dll
0x20080000 - 0x2024e000 	C:\PROGRA~2\RAPTRI~1\PlaysTV\ltc_game32-112681.dll
0x6f850000 - 0x6f98f000 	C:\WINDOWS\SYSTEM32\dbghelp.dll

VM Arguments:
jvm_args: -Djava.library.path=D:\Programs\Eclipse Luna\Eclipse WorkSpace (Matt)\TEST\lib\natives\windows -Dfile.encoding=Cp1252 
java_command: javagame.GameJava
java_class_path (initial): D:\Programs\Eclipse Luna\Eclipse WorkSpace (Matt)\MeteorDash\bin;D:\Programs\Eclipse Luna\Eclipse WorkSpace (Matt)\TEST\lib\jars\lwjgl.jar;D:\Programs\Eclipse Luna\Eclipse WorkSpace (Matt)\TEST\lib\jars\slick.jar
Launcher Type: SUN_STANDARD

Environment Variables:
PATH=C:/Program Files (x86)/Java/jre1.8.0_73/bin/client;C:/Program Files (x86)/Java/jre1.8.0_73/bin;C:/Program Files (x86)/Java/jre1.8.0_73/lib/i386;C:\Program Files (x86)\Razer Chroma SDK\bin;C:\Program Files\Razer Chroma SDK\bin;C:\Program Files (x86)\NVIDIA Corporation\PhysX\Common;C:\ProgramData\Oracle\Java\javapath;C:\Program Files (x86)\AMD APP\bin\x86_64;C:\Program Files (x86)\AMD APP\bin\x86;C:\WINDOWS\system32;C:\WINDOWS;C:\WINDOWS\System32\Wbem;C:\WINDOWS\System32\WindowsPowerShell\v1.0\;C:\Program Files (x86)\Windows Live\Shared;C:\Program Files (x86)\ATI Technologies\ATI.ACE\Core-Static;D:\Programs\ATI.ACE\Core-Static;D:\Programs\AMD Catalyst\ATI.ACE\Core-Static;\;C:\Program Files\Java\jdk1.8.0_31\bin;C:\Program Files (x86)\nodejs\;C:\Program Files (x86)\AMD\ATI.ACE\Core-Static;C:\Program Files (x86)\Skype\Phone\;D:\Programs\Python 3.5.1\Scripts\;D:\Programs\Python 3.5.1\;C:\Users\Matt\AppData\Roaming\npm;D:\Programs\Eclipse Luna\eclipse;
USERNAME=Matt
OS=Windows_NT
PROCESSOR_IDENTIFIER=AMD64 Family 21 Model 2 Stepping 0, AuthenticAMD



---------------  S Y S T E M  ---------------

OS: Windows 10.0 , 64 bit Build 10586 (10.0.10586.0)

CPU:total 8 (8 cores per cpu, 1 threads per core) family 21 model 2 stepping 0, cmov, cx8, fxsr, mmx, sse, sse2, sse3, ssse3, sse4.1, sse4.2, popcnt, avx, aes, clmul, mmxext, 3dnowpref, lzcnt, sse4a, tsc, tscinvbit, tscinv, bmi1

Memory: 4k page, physical 16690608k(11482704k free), swap 19180976k(11029996k free)

vm_info: Java HotSpot(TM) Client VM (25.73-b02) for windows-x86 JRE (1.8.0_73-b02), built on Jan 29 2016 17:05:52 by "java_re" with MS VC++ 10.0 (VS2010)

time: Fri May 13 03:28:39 2016
elapsed time: 49 seconds (0d 0h 0m 49s)

