#
# A fatal error has been detected by the Java Runtime Environment:
#
#  EXCEPTION_ACCESS_VIOLATION (0xc0000005) at pc=0x6e72379a, pid=18544, tid=16724
#
# JRE version: Java(TM) SE Runtime Environment (8.0_73-b02) (build 1.8.0_73-b02)
# Java VM: Java HotSpot(TM) Client VM (25.73-b02 mixed mode, sharing windows-x86 )
# Problematic frame:
# C  [OPENGL32.dll+0x9379a]
#
# Failed to write core dump. Minidumps are not enabled by default on client versions of Windows
#
# If you would like to submit a bug report, please visit:
#   http://bugreport.java.com/bugreport/crash.jsp
#

---------------  T H R E A D  ---------------

Current thread (0x02093000):  VMThread [stack: 0x00700000,0x00750000] [id=16724]

siginfo: ExceptionCode=0xc0000005, reading address 0x0000051c

Registers:
EAX=0x00231000, EBX=0x00000000, ECX=0x1d09c458, EDX=0x00000000
ESP=0x0074f40c, EBP=0x0074f41c, ESI=0x1d09c458, EDI=0x00000000
EIP=0x6e72379a, EFLAGS=0x00010202

Top of Stack: (sp=0x0074f40c)
0x0074f40c:   1cecb586 00000001 1d09c460 1d09d7b0
0x0074f41c:   0074f440 1cecf943 1d09c458 187c9988
0x0074f42c:   1d09d7b0 00000000 0074f460 1cf893de
0x0074f43c:   00000000 0074f46c 1ced0012 1d09d7b0
0x0074f44c:   187c99a4 1d09675c 772efe50 1cf8e6d0
0x0074f45c:   1d02eab8 0074f4a4 1cf89ae0 00000001
0x0074f46c:   0074f4b4 1cf2c5ef 187c997c 00000000
0x0074f47c:   00000000 1ce80000 1d0966c8 1d09675c 

Instructions: (pc=0x6e72379a)
0x6e72377a:   8d 9b 00 00 00 00 64 8b 15 18 00 00 00 83 3d 04
0x6e72378a:   80 74 6e 40 73 10 8b c2 03 15 90 28 76 6e 8b 12
0x6e72379a:   ff a2 1c 05 00 00 ff 35 04 80 74 6e ff 15 e0 71
0x6e7237aa:   76 6e 92 ff a2 1c 05 00 00 8d a4 24 00 00 00 00 


Register to memory mapping:

EAX=
[error occurred during error reporting (printing register info), id 0xc0000005]

Stack: [0x00700000,0x00750000],  sp=0x0074f40c,  free space=317k
Native frames: (J=compiled Java code, j=interpreted, Vv=VM code, C=native code)
C  [OPENGL32.dll+0x9379a]
C  [ltc_game32-112681.dll+0x4f943]
C  [ltc_game32-112681.dll+0x50012]
C  [ltc_game32-112681.dll+0xac5ef]
C  [ltc_game32-112681.dll+0xac6d8]
C  [ltc_game32-112681.dll+0xa607f]
C  [ltc_game32-112681.dll+0xa60ea]
C  [ntdll.dll+0x76b8e]
C  [ntdll.dll+0x45ade]
C  [ntdll.dll+0x57efc]
C  [ntdll.dll+0x57dd6]
C  [KERNEL32.DLL+0x27b43]
C  [msvcr100.dll+0x27997]
C  [msvcr100.dll+0x27ab0]
C  [msvcr100.dll+0x27b1d]
V  [jvm.dll+0x1575c2]
V  [jvm.dll+0x18113d]
V  [jvm.dll+0x1805a1]
V  [jvm.dll+0x1809b7]
V  [jvm.dll+0x180bb2]
V  [jvm.dll+0x1c0636]
C  [msvcr100.dll+0x5c556]
C  [msvcr100.dll+0x5c600]
C  [KERNEL32.DLL+0x138f4]
C  [ntdll.dll+0x65de3]
C  [ntdll.dll+0x65dae]

VM_Operation (0x006bf4d0): Exit, mode: safepoint, requested by thread 0x0083bc00


---------------  P R O C E S S  ---------------

Java Threads: ( => current thread )
  0x020ccc00 JavaThread "Service Thread" daemon [_thread_blocked, id=19240, stack(0x15650000,0x156a0000)]
  0x020a9c00 JavaThread "C1 CompilerThread0" daemon [_thread_blocked, id=16528, stack(0x155c0000,0x15610000)]
  0x020a8c00 JavaThread "Attach Listener" daemon [_thread_blocked, id=17636, stack(0x15570000,0x155c0000)]
  0x020a7000 JavaThread "Signal Dispatcher" daemon [_thread_blocked, id=16404, stack(0x14f30000,0x14f80000)]
  0x0209b800 JavaThread "Finalizer" daemon [_thread_blocked, id=18608, stack(0x04380000,0x043d0000)]
  0x02096800 JavaThread "Reference Handler" daemon [_thread_blocked, id=19196, stack(0x021f0000,0x02240000)]
  0x0083bc00 JavaThread "main" [_thread_blocked, id=19300, stack(0x00670000,0x006c0000)]

Other Threads:
=>0x02093000 VMThread [stack: 0x00700000,0x00750000] [id=16724]

VM state:at safepoint (shutting down)

VM Mutex/Monitor currently owned by a thread:  ([mutex/lock_event])
[0x0083ae38] Threads_lock - owner thread: 0x02093000

Heap:
 def new generation   total 4928K, used 658K [0x04400000, 0x04950000, 0x09950000)
  eden space 4416K,  12% used [0x04400000, 0x0448eb48, 0x04850000)
  from space 512K,  17% used [0x04850000, 0x04865fb8, 0x048d0000)
  to   space 512K,   0% used [0x048d0000, 0x048d0000, 0x04950000)
 tenured generation   total 10944K, used 1656K [0x09950000, 0x0a400000, 0x14400000)
   the space 10944K,  15% used [0x09950000, 0x09aee1e8, 0x09aee200, 0x0a400000)
 Metaspace       used 1155K, capacity 3289K, committed 3392K, reserved 4480K

Card table byte_map: [0x04250000,0x042e0000] byte_map_base: 0x0422e000

Polling page: 0x007e0000

CodeCache: size=32768Kb used=1386Kb max_used=1386Kb free=31381Kb
 bounds [0x02250000, 0x023b0000, 0x04250000]
 total_blobs=683 nmethods=455 adapters=159
 compilation: enabled

Compilation events (10 events):
Event: 36.829 Thread 0x020a9c00  452             org.lwjgl.opengl.WindowsKeyboard::flushRetained (37 bytes)
Event: 36.829 Thread 0x020a9c00 nmethod 452 0x023a8108 code [0x023a8200, 0x023a82dc]
Event: 37.878 Thread 0x020a9c00  453   !         org.lwjgl.input.Mouse::poll (215 bytes)
Event: 37.879 Thread 0x020a9c00 nmethod 453 0x023a8348 code [0x023a8520, 0x023a8c34]
Event: 37.880 Thread 0x020a9c00  454             org.lwjgl.input.Mouse::read (26 bytes)
Event: 37.880 Thread 0x020a9c00 nmethod 454 0x023a9488 code [0x023a95a0, 0x023a96a8]
Event: 37.895 Thread 0x020a9c00  455   !         org.lwjgl.input.Mouse::updateCursor (71 bytes)
Event: 37.895 Thread 0x020a9c00 nmethod 455 0x023a9808 code [0x023a9940, 0x023a9c04]
Event: 38.629 Thread 0x020a9c00  456 % !         java.lang.ref.Reference$ReferenceHandler::run @ 0 (102 bytes)
Event: 38.630 Thread 0x020a9c00 nmethod 456% 0x023a9e88 code [0x023aa000, 0x023aa488]

GC Heap History (10 events):
Event: 34.379 GC heap before
{Heap before GC invocations=31 (full 0):
 def new generation   total 4928K, used 4492K [0x04400000, 0x04950000, 0x09950000)
  eden space 4416K,  99% used [0x04400000, 0x0484f688, 0x04850000)
  from space 512K,  15% used [0x048d0000, 0x048e3cf0, 0x04950000)
  to   space 512K,   0% used [0x04850000, 0x04850000, 0x048d0000)
 tenured generation   total 10944K, used 1651K [0x09950000, 0x0a400000, 0x14400000)
   the space 10944K,  15% used [0x09950000, 0x09aece58, 0x09aed000, 0x0a400000)
 Metaspace       used 1091K, capacity 3225K, committed 3264K, reserved 4480K
Event: 34.380 GC heap after
Heap after GC invocations=32 (full 0):
 def new generation   total 4928K, used 81K [0x04400000, 0x04950000, 0x09950000)
  eden space 4416K,   0% used [0x04400000, 0x04400000, 0x04850000)
  from space 512K,  15% used [0x04850000, 0x04864488, 0x048d0000)
  to   space 512K,   0% used [0x048d0000, 0x048d0000, 0x04950000)
 tenured generation   total 10944K, used 1651K [0x09950000, 0x0a400000, 0x14400000)
   the space 10944K,  15% used [0x09950000, 0x09aecec8, 0x09aed000, 0x0a400000)
 Metaspace       used 1091K, capacity 3225K, committed 3264K, reserved 4480K
}
Event: 35.445 GC heap before
{Heap before GC invocations=32 (full 0):
 def new generation   total 4928K, used 4497K [0x04400000, 0x04950000, 0x09950000)
  eden space 4416K, 100% used [0x04400000, 0x04850000, 0x04850000)
  from space 512K,  15% used [0x04850000, 0x04864488, 0x048d0000)
  to   space 512K,   0% used [0x048d0000, 0x048d0000, 0x04950000)
 tenured generation   total 10944K, used 1651K [0x09950000, 0x0a400000, 0x14400000)
   the space 10944K,  15% used [0x09950000, 0x09aecec8, 0x09aed000, 0x0a400000)
 Metaspace       used 1091K, capacity 3225K, committed 3264K, reserved 4480K
Event: 35.446 GC heap after
Heap after GC invocations=33 (full 0):
 def new generation   total 4928K, used 86K [0x04400000, 0x04950000, 0x09950000)
  eden space 4416K,   0% used [0x04400000, 0x04400000, 0x04850000)
  from space 512K,  16% used [0x048d0000, 0x048e5800, 0x04950000)
  to   space 512K,   0% used [0x04850000, 0x04850000, 0x048d0000)
 tenured generation   total 10944K, used 1651K [0x09950000, 0x0a400000, 0x14400000)
   the space 10944K,  15% used [0x09950000, 0x09aecec8, 0x09aed000, 0x0a400000)
 Metaspace       used 1091K, capacity 3225K, committed 3264K, reserved 4480K
}
Event: 36.497 GC heap before
{Heap before GC invocations=33 (full 0):
 def new generation   total 4928K, used 4502K [0x04400000, 0x04950000, 0x09950000)
  eden space 4416K, 100% used [0x04400000, 0x04850000, 0x04850000)
  from space 512K,  16% used [0x048d0000, 0x048e5800, 0x04950000)
  to   space 512K,   0% used [0x04850000, 0x04850000, 0x048d0000)
 tenured generation   total 10944K, used 1651K [0x09950000, 0x0a400000, 0x14400000)
   the space 10944K,  15% used [0x09950000, 0x09aecec8, 0x09aed000, 0x0a400000)
 Metaspace       used 1091K, capacity 3225K, committed 3264K, reserved 4480K
Event: 36.498 GC heap after
Heap after GC invocations=34 (full 0):
 def new generation   total 4928K, used 88K [0x04400000, 0x04950000, 0x09950000)
  eden space 4416K,   0% used [0x04400000, 0x04400000, 0x04850000)
  from space 512K,  17% used [0x04850000, 0x04866058, 0x048d0000)
  to   space 512K,   0% used [0x048d0000, 0x048d0000, 0x04950000)
 tenured generation   total 10944K, used 1652K [0x09950000, 0x0a400000, 0x14400000)
   the space 10944K,  15% used [0x09950000, 0x09aed348, 0x09aed400, 0x0a400000)
 Metaspace       used 1091K, capacity 3225K, committed 3264K, reserved 4480K
}
Event: 37.562 GC heap before
{Heap before GC invocations=34 (full 0):
 def new generation   total 4928K, used 4501K [0x04400000, 0x04950000, 0x09950000)
  eden space 4416K,  99% used [0x04400000, 0x0484f3a8, 0x04850000)
  from space 512K,  17% used [0x04850000, 0x04866058, 0x048d0000)
  to   space 512K,   0% used [0x048d0000, 0x048d0000, 0x04950000)
 tenured generation   total 10944K, used 1652K [0x09950000, 0x0a400000, 0x14400000)
   the space 10944K,  15% used [0x09950000, 0x09aed348, 0x09aed400, 0x0a400000)
 Metaspace       used 1091K, capacity 3225K, committed 3264K, reserved 4480K
Event: 37.563 GC heap after
Heap after GC invocations=35 (full 0):
 def new generation   total 4928K, used 90K [0x04400000, 0x04950000, 0x09950000)
  eden space 4416K,   0% used [0x04400000, 0x04400000, 0x04850000)
  from space 512K,  17% used [0x048d0000, 0x048e6a58, 0x04950000)
  to   space 512K,   0% used [0x04850000, 0x04850000, 0x048d0000)
 tenured generation   total 10944K, used 1653K [0x09950000, 0x0a400000, 0x14400000)
   the space 10944K,  15% used [0x09950000, 0x09aed588, 0x09aed600, 0x0a400000)
 Metaspace       used 1091K, capacity 3225K, committed 3264K, reserved 4480K
}
Event: 38.628 GC heap before
{Heap before GC invocations=35 (full 0):
 def new generation   total 4928K, used 4506K [0x04400000, 0x04950000, 0x09950000)
  eden space 4416K, 100% used [0x04400000, 0x04850000, 0x04850000)
  from space 512K,  17% used [0x048d0000, 0x048e6a58, 0x04950000)
  to   space 512K,   0% used [0x04850000, 0x04850000, 0x048d0000)
 tenured generation   total 10944K, used 1653K [0x09950000, 0x0a400000, 0x14400000)
   the space 10944K,  15% used [0x09950000, 0x09aed588, 0x09aed600, 0x0a400000)
 Metaspace       used 1091K, capacity 3225K, committed 3264K, reserved 4480K
Event: 38.629 GC heap after
Heap after GC invocations=36 (full 0):
 def new generation   total 4928K, used 87K [0x04400000, 0x04950000, 0x09950000)
  eden space 4416K,   0% used [0x04400000, 0x04400000, 0x04850000)
  from space 512K,  17% used [0x04850000, 0x04865fb8, 0x048d0000)
  to   space 512K,   0% used [0x048d0000, 0x048d0000, 0x04950000)
 tenured generation   total 10944K, used 1656K [0x09950000, 0x0a400000, 0x14400000)
   the space 10944K,  15% used [0x09950000, 0x09aee1e8, 0x09aee200, 0x0a400000)
 Metaspace       used 1091K, capacity 3225K, committed 3264K, reserved 4480K
}

Deoptimization events (0 events):
No events

Internal exceptions (7 events):
Event: 0.024 Thread 0x0083bc00 Exception <a 'java/lang/NoSuchMethodError': Method sun.misc.Unsafe.defineClass(Ljava/lang/String;[BII)Ljava/lang/Class; name or signature does not match> (0x0440c090) thrown at [D:\re\workspace\8-2-build-windows-i586-cygwin\jdk8u73\6086\hotspot\src\share\v§¼aè£ð˜?
Event: 0.024 Thread 0x0083bc00 Exception <a 'java/lang/NoSuchMethodError': Method sun.misc.Unsafe.prefetchRead(Ljava/lang/Object;J)V name or signature does not match> (0x0440c360) thrown at [D:\re\workspace\8-2-build-windows-i586-cygwin\jdk8u73\6086\hotspot\src\share\vm\prims\jni.cpp, lŒV-è˜Å?
Event: 0.169 Thread 0x0083bc00 Exception <a 'java/security/PrivilegedActionException'> (0x045dce20) thrown at [D:\re\workspace\8-2-build-windows-i586-cygwin\jdk8u73\6086\hotspot\src\share\vm\prims\jvm.cpp, line 1386]
Event: 0.169 Thread 0x0083bc00 Exception <a 'java/security/PrivilegedActionException'> (0x045dd020) thrown at [D:\re\workspace\8-2-build-windows-i586-cygwin\jdk8u73\6086\hotspot\src\share\vm\prims\jvm.cpp, line 1386]
Event: 0.170 Thread 0x0083bc00 Exception <a 'java/security/PrivilegedActionException'> (0x045f6fc0) thrown at [D:\re\workspace\8-2-build-windows-i586-cygwin\jdk8u73\6086\hotspot\src\share\vm\prims\jvm.cpp, line 1386]
Event: 0.170 Thread 0x0083bc00 Exception <a 'java/security/PrivilegedActionException'> (0x045f71c0) thrown at [D:\re\workspace\8-2-build-windows-i586-cygwin\jdk8u73\6086\hotspot\src\share\vm\prims\jvm.cpp, line 1386]
Event: 0.640 Thread 0x0083bc00 Exception <a 'java/lang/NoClassDefFoundError': net/java/games/input/ControllerEnvironment> (0x0457ab70) thrown at [D:\re\workspace\8-2-build-windows-i586-cygwin\jdk8u73\6086\hotspot\src\share\vm\classfile\systemDictionary.cpp, line 199]

Events (10 events):
Event: 38.819 loading class org/lwjgl/openal/AL10 done
Event: 38.820 loading class org/lwjgl/openal/AL11
Event: 38.820 loading class org/lwjgl/openal/AL11 done
Event: 38.821 loading class org/lwjgl/openal/ALC10
Event: 38.821 loading class org/lwjgl/openal/ALC10 done
Event: 38.821 loading class org/lwjgl/openal/ALC11
Event: 38.821 loading class org/lwjgl/openal/ALC11 done
Event: 38.822 loading class org/lwjgl/openal/EFX10
Event: 38.822 loading class org/lwjgl/openal/EFX10 done
Event: 38.823 Executing VM operation: Exit


Dynamic libraries:
0x00140000 - 0x00173000 	C:\Program Files (x86)\Java\jre1.8.0_73\bin\javaw.exe
0x77290000 - 0x7740b000 	C:\WINDOWS\SYSTEM32\ntdll.dll
0x74090000 - 0x74170000 	C:\WINDOWS\SYSTEM32\KERNEL32.DLL
0x74730000 - 0x748ae000 	C:\WINDOWS\SYSTEM32\KERNELBASE.dll
0x76b90000 - 0x76c0b000 	C:\WINDOWS\SYSTEM32\ADVAPI32.dll
0x76960000 - 0x76a1e000 	C:\WINDOWS\SYSTEM32\msvcrt.dll
0x76a20000 - 0x76a64000 	C:\WINDOWS\SYSTEM32\sechost.dll
0x763d0000 - 0x7647d000 	C:\WINDOWS\SYSTEM32\RPCRT4.dll
0x73fc0000 - 0x73fde000 	C:\WINDOWS\SYSTEM32\SspiCli.dll
0x73fb0000 - 0x73fba000 	C:\WINDOWS\SYSTEM32\CRYPTBASE.dll
0x74420000 - 0x74478000 	C:\WINDOWS\SYSTEM32\bcryptPrimitives.dll
0x76ca0000 - 0x76de7000 	C:\WINDOWS\SYSTEM32\USER32.dll
0x76630000 - 0x7677f000 	C:\WINDOWS\SYSTEM32\GDI32.dll
0x702e0000 - 0x704ef000 	C:\WINDOWS\WinSxS\x86_microsoft.windows.common-controls_6595b64144ccf1df_6.0.10586.0_none_d3c2e4e965da4528\COMCTL32.dll
0x74570000 - 0x7472d000 	C:\WINDOWS\SYSTEM32\combase.dll
0x74e10000 - 0x74e3b000 	C:\WINDOWS\SYSTEM32\IMM32.DLL
0x77d80000 - 0x77e3f000 	C:\Program Files (x86)\Java\jre1.8.0_73\bin\msvcr100.dll
0x6cc90000 - 0x6d058000 	C:\Program Files (x86)\Java\jre1.8.0_73\bin\client\jvm.dll
0x77280000 - 0x77286000 	C:\WINDOWS\SYSTEM32\PSAPI.DLL
0x70280000 - 0x702a4000 	C:\WINDOWS\SYSTEM32\WINMM.dll
0x73b30000 - 0x73b38000 	C:\WINDOWS\SYSTEM32\VERSION.dll
0x73c20000 - 0x73c28000 	C:\WINDOWS\SYSTEM32\WSOCK32.dll
0x76e10000 - 0x76e6f000 	C:\WINDOWS\SYSTEM32\WS2_32.dll
0x70230000 - 0x70253000 	C:\WINDOWS\SYSTEM32\WINMMBASE.dll
0x743e0000 - 0x74417000 	C:\WINDOWS\SYSTEM32\cfgmgr32.dll
0x6e770000 - 0x6e77c000 	C:\Program Files (x86)\Java\jre1.8.0_73\bin\verify.dll
0x6cb80000 - 0x6cba1000 	C:\Program Files (x86)\Java\jre1.8.0_73\bin\java.dll
0x6fd30000 - 0x6fd43000 	C:\Program Files (x86)\Java\jre1.8.0_73\bin\zip.dll
0x74fd0000 - 0x763ce000 	C:\WINDOWS\SYSTEM32\SHELL32.dll
0x748b0000 - 0x74daa000 	C:\WINDOWS\SYSTEM32\windows.storage.dll
0x74480000 - 0x744c5000 	C:\WINDOWS\SYSTEM32\shlwapi.dll
0x73fe0000 - 0x73fec000 	C:\WINDOWS\SYSTEM32\kernel.appcore.dll
0x76c10000 - 0x76c9d000 	C:\WINDOWS\SYSTEM32\shcore.dll
0x76780000 - 0x767c4000 	C:\WINDOWS\SYSTEM32\powrprof.dll
0x74e40000 - 0x74e4f000 	C:\WINDOWS\SYSTEM32\profapi.dll
0x15930000 - 0x1597f000 	D:\Programs\Eclipse Luna\Eclipse WorkSpace (Matt)\TEST\lib\natives\windows\lwjgl.dll
0x6e690000 - 0x6e770000 	C:\WINDOWS\SYSTEM32\OPENGL32.dll
0x6e570000 - 0x6e65e000 	C:\WINDOWS\SYSTEM32\DDRAW.dll
0x6e660000 - 0x6e685000 	C:\WINDOWS\SYSTEM32\GLU32.dll
0x6e560000 - 0x6e567000 	C:\WINDOWS\SYSTEM32\DCIMAN32.dll
0x6c550000 - 0x6c5c5000 	C:\WINDOWS\system32\uxtheme.dll
0x76a70000 - 0x76b8f000 	C:\WINDOWS\SYSTEM32\MSCTF.dll
0x043d0000 - 0x043f5000 	C:\PROGRA~2\RAPTRI~1\PlaysTV\ltc_help32-112681.dll
0x76570000 - 0x765b2000 	C:\WINDOWS\SYSTEM32\WINTRUST.dll
0x76620000 - 0x7662e000 	C:\WINDOWS\SYSTEM32\MSASN1.dll
0x767e0000 - 0x76959000 	C:\WINDOWS\SYSTEM32\CRYPT32.dll
0x6ec20000 - 0x6ec45000 	C:\PROGRA~2\RAPTRI~1\Raptr\ltc_help32-109838.dll
0x6c530000 - 0x6c54d000 	C:\WINDOWS\system32\dwmapi.dll
0x15a80000 - 0x15a95000 	C:\WINDOWS\SYSTEM32\atiglpxx.dll
0x68120000 - 0x69a5b000 	C:\WINDOWS\SYSTEM32\atioglxx.dll
0x76e70000 - 0x7727b000 	C:\WINDOWS\SYSTEM32\SETUPAPI.dll
0x15af0000 - 0x15be5000 	C:\WINDOWS\SYSTEM32\atiadlxy.dll
0x76480000 - 0x7656b000 	C:\WINDOWS\SYSTEM32\ole32.dll
0x15e10000 - 0x15f5b000 	C:\WINDOWS\SYSTEM32\PROPSYS.dll
0x72ca0000 - 0x72cb9000 	C:\WINDOWS\SYSTEM32\USERENV.dll
0x72610000 - 0x7261f000 	C:\WINDOWS\SYSTEM32\WTSAPI32.dll
0x738d0000 - 0x738ff000 	C:\WINDOWS\SYSTEM32\IPHLPAPI.DLL
0x74340000 - 0x743d2000 	C:\WINDOWS\SYSTEM32\OLEAUT32.dll
0x702b0000 - 0x702d2000 	C:\WINDOWS\SYSTEM32\DEVOBJ.dll
0x15aa0000 - 0x15ac7000 	C:\WINDOWS\SYSTEM32\atigktxx.dll
0x61f90000 - 0x6200f000 	C:\WINDOWS\SYSTEM32\mscms.dll
0x5e440000 - 0x5e47c000 	C:\WINDOWS\SYSTEM32\icm32.dll
0x1fa80000 - 0x1fbc5000 	C:\Program Files (x86)\Java\jre1.8.0_73\bin\awt.dll
0x6d130000 - 0x6d1c2000 	C:\WINDOWS\system32\apphelp.dll
0x73380000 - 0x73393000 	C:\WINDOWS\SYSTEM32\CRYPTSP.dll
0x73330000 - 0x7335f000 	C:\WINDOWS\system32\rsaenh.dll
0x73360000 - 0x7337b000 	C:\WINDOWS\SYSTEM32\bcrypt.dll
0x76df0000 - 0x76e0b000 	C:\WINDOWS\SYSTEM32\imagehlp.dll
0x70260000 - 0x7027f000 	C:\WINDOWS\SYSTEM32\gpapi.dll
0x70010000 - 0x70035000 	C:\Windows\SYSTEM32\cryptnet.dll
0x719c0000 - 0x719c8000 	C:\WINDOWS\SYSTEM32\WINNSI.DLL
0x767d0000 - 0x767d7000 	C:\WINDOWS\SYSTEM32\NSI.dll
0x20e20000 - 0x20ff1000 	C:\PROGRA~2\RAPTRI~1\Raptr\ltc_game32-109838.dll
0x1ce80000 - 0x1d04e000 	C:\PROGRA~2\RAPTRI~1\PlaysTV\ltc_game32-112681.dll
0x6f850000 - 0x6f98f000 	C:\WINDOWS\SYSTEM32\dbghelp.dll

VM Arguments:
jvm_args: -Djava.library.path=D:\Programs\Eclipse Luna\Eclipse WorkSpace (Matt)\TEST\lib\natives\windows -Dfile.encoding=Cp1252 
java_command: javagame.GameJava
java_class_path (initial): D:\Programs\Eclipse Luna\Eclipse WorkSpace (Matt)\MeteorDash\bin;D:\Programs\Eclipse Luna\Eclipse WorkSpace (Matt)\TEST\lib\jars\lwjgl.jar;D:\Programs\Eclipse Luna\Eclipse WorkSpace (Matt)\TEST\lib\jars\slick.jar
Launcher Type: SUN_STANDARD

Environment Variables:
PATH=C:/Program Files (x86)/Java/jre1.8.0_73/bin/client;C:/Program Files (x86)/Java/jre1.8.0_73/bin;C:/Program Files (x86)/Java/jre1.8.0_73/lib/i386;C:\Program Files (x86)\Razer Chroma SDK\bin;C:\Program Files\Razer Chroma SDK\bin;C:\Program Files (x86)\NVIDIA Corporation\PhysX\Common;C:\ProgramData\Oracle\Java\javapath;C:\Program Files (x86)\AMD APP\bin\x86_64;C:\Program Files (x86)\AMD APP\bin\x86;C:\WINDOWS\system32;C:\WINDOWS;C:\WINDOWS\System32\Wbem;C:\WINDOWS\System32\WindowsPowerShell\v1.0\;C:\Program Files (x86)\Windows Live\Shared;C:\Program Files (x86)\ATI Technologies\ATI.ACE\Core-Static;D:\Programs\ATI.ACE\Core-Static;D:\Programs\AMD Catalyst\ATI.ACE\Core-Static;\;C:\Program Files\Java\jdk1.8.0_31\bin;C:\Program Files (x86)\nodejs\;C:\Program Files (x86)\AMD\ATI.ACE\Core-Static;C:\Program Files (x86)\Skype\Phone\;D:\Programs\Python 3.5.1\Scripts\;D:\Programs\Python 3.5.1\;C:\Users\Matt\AppData\Roaming\npm;D:\Programs\Eclipse Luna\eclipse;
USERNAME=Matt
OS=Windows_NT
PROCESSOR_IDENTIFIER=AMD64 Family 21 Model 2 Stepping 0, AuthenticAMD



---------------  S Y S T E M  ---------------

OS: Windows 10.0 , 64 bit Build 10586 (10.0.10586.0)

CPU:total 8 (8 cores per cpu, 1 threads per core) family 21 model 2 stepping 0, cmov, cx8, fxsr, mmx, sse, sse2, sse3, ssse3, sse4.1, sse4.2, popcnt, avx, aes, clmul, mmxext, 3dnowpref, lzcnt, sse4a, tsc, tscinvbit, tscinv, bmi1

Memory: 4k page, physical 16690608k(11057412k free), swap 19180976k(10492044k free)

vm_info: Java HotSpot(TM) Client VM (25.73-b02) for windows-x86 JRE (1.8.0_73-b02), built on Jan 29 2016 17:05:52 by "java_re" with MS VC++ 10.0 (VS2010)

time: Fri May 13 03:38:52 2016
elapsed time: 38 seconds (0d 0h 0m 38s)

